{"/Users/jean/workspace/PetalPal/public/interactions.js": {"path":"/Users/jean/workspace/PetalPal/public/interactions.js","statementMap":{"0":{"start":{"line":1,"column":17},"end":{"line":1,"column":22}},"1":{"start":{"line":2,"column":15},"end":{"line":2,"column":19}},"2":{"start":{"line":3,"column":14},"end":{"line":3,"column":17}},"3":{"start":{"line":4,"column":14},"end":{"line":4,"column":17}},"4":{"start":{"line":5,"column":21},"end":{"line":5,"column":25}},"5":{"start":{"line":8,"column":14},"end":{"line":8,"column":51}},"6":{"start":{"line":10,"column":2},"end":{"line":12,"column":3}},"7":{"start":{"line":11,"column":4},"end":{"line":11,"column":11}},"8":{"start":{"line":14,"column":17},"end":{"line":14,"column":41}},"9":{"start":{"line":15,"column":2},"end":{"line":17,"column":3}},"10":{"start":{"line":16,"column":4},"end":{"line":16,"column":11}},"11":{"start":{"line":20,"column":4},"end":{"line":20,"column":71}},"12":{"start":{"line":22,"column":2},"end":{"line":42,"column":3}},"13":{"start":{"line":23,"column":15},"end":{"line":23,"column":31}},"14":{"start":{"line":25,"column":4},"end":{"line":30,"column":6}},"15":{"start":{"line":32,"column":4},"end":{"line":32,"column":31}},"16":{"start":{"line":33,"column":4},"end":{"line":33,"column":29}},"17":{"start":{"line":35,"column":4},"end":{"line":38,"column":5}},"18":{"start":{"line":36,"column":6},"end":{"line":36,"column":28}},"19":{"start":{"line":37,"column":6},"end":{"line":37,"column":26}},"20":{"start":{"line":40,"column":4},"end":{"line":40,"column":41}},"21":{"start":{"line":41,"column":4},"end":{"line":41,"column":37}},"22":{"start":{"line":46,"column":17},"end":{"line":46,"column":41}},"23":{"start":{"line":47,"column":2},"end":{"line":49,"column":3}},"24":{"start":{"line":48,"column":4},"end":{"line":48,"column":11}},"25":{"start":{"line":52,"column":4},"end":{"line":52,"column":71}},"26":{"start":{"line":54,"column":2},"end":{"line":67,"column":3}},"27":{"start":{"line":55,"column":4},"end":{"line":55,"column":56}},"28":{"start":{"line":57,"column":4},"end":{"line":57,"column":31}},"29":{"start":{"line":58,"column":4},"end":{"line":58,"column":29}},"30":{"start":{"line":60,"column":4},"end":{"line":63,"column":5}},"31":{"start":{"line":61,"column":6},"end":{"line":61,"column":28}},"32":{"start":{"line":62,"column":6},"end":{"line":62,"column":26}},"33":{"start":{"line":65,"column":4},"end":{"line":65,"column":41}},"34":{"start":{"line":66,"column":4},"end":{"line":66,"column":38}},"35":{"start":{"line":71,"column":17},"end":{"line":71,"column":41}},"36":{"start":{"line":72,"column":2},"end":{"line":74,"column":3}},"37":{"start":{"line":73,"column":4},"end":{"line":73,"column":11}},"38":{"start":{"line":76,"column":2},"end":{"line":79,"column":3}},"39":{"start":{"line":77,"column":4},"end":{"line":77,"column":63}},"40":{"start":{"line":78,"column":4},"end":{"line":78,"column":11}},"41":{"start":{"line":81,"column":20},"end":{"line":81,"column":73}},"42":{"start":{"line":82,"column":2},"end":{"line":84,"column":3}},"43":{"start":{"line":83,"column":4},"end":{"line":83,"column":11}},"44":{"start":{"line":86,"column":2},"end":{"line":103,"column":3}},"45":{"start":{"line":87,"column":21},"end":{"line":92,"column":5}},"46":{"start":{"line":94,"column":4},"end":{"line":96,"column":5}},"47":{"start":{"line":95,"column":6},"end":{"line":95,"column":49}},"48":{"start":{"line":98,"column":4},"end":{"line":98,"column":31}},"49":{"start":{"line":99,"column":4},"end":{"line":99,"column":24}},"50":{"start":{"line":101,"column":4},"end":{"line":101,"column":40}},"51":{"start":{"line":102,"column":4},"end":{"line":102,"column":37}},"52":{"start":{"line":107,"column":20},"end":{"line":107,"column":53}},"53":{"start":{"line":108,"column":2},"end":{"line":110,"column":3}},"54":{"start":{"line":109,"column":4},"end":{"line":109,"column":11}},"55":{"start":{"line":112,"column":2},"end":{"line":114,"column":3}},"56":{"start":{"line":113,"column":4},"end":{"line":113,"column":22}},"57":{"start":{"line":116,"column":2},"end":{"line":116,"column":43}},"58":{"start":{"line":117,"column":2},"end":{"line":117,"column":25}},"59":{"start":{"line":118,"column":2},"end":{"line":118,"column":52}},"60":{"start":{"line":120,"column":2},"end":{"line":120,"column":39}},"61":{"start":{"line":121,"column":2},"end":{"line":121,"column":38}},"62":{"start":{"line":123,"column":2},"end":{"line":123,"column":34}},"63":{"start":{"line":127,"column":2},"end":{"line":129,"column":3}},"64":{"start":{"line":128,"column":4},"end":{"line":128,"column":11}},"65":{"start":{"line":131,"column":20},"end":{"line":131,"column":53}},"66":{"start":{"line":132,"column":2},"end":{"line":134,"column":3}},"67":{"start":{"line":133,"column":4},"end":{"line":133,"column":11}},"68":{"start":{"line":136,"column":15},"end":{"line":136,"column":41}},"69":{"start":{"line":137,"column":15},"end":{"line":137,"column":42}},"70":{"start":{"line":139,"column":2},"end":{"line":139,"column":54}},"71":{"start":{"line":140,"column":2},"end":{"line":140,"column":54}},"72":{"start":{"line":142,"column":2},"end":{"line":142,"column":39}},"73":{"start":{"line":143,"column":2},"end":{"line":143,"column":38}},"74":{"start":{"line":145,"column":2},"end":{"line":163,"column":3}},"75":{"start":{"line":146,"column":4},"end":{"line":162,"column":5}},"76":{"start":{"line":147,"column":6},"end":{"line":159,"column":9}},"77":{"start":{"line":161,"column":6},"end":{"line":161,"column":46}},"78":{"start":{"line":165,"column":2},"end":{"line":165,"column":22}},"79":{"start":{"line":169,"column":2},"end":{"line":171,"column":3}},"80":{"start":{"line":170,"column":4},"end":{"line":170,"column":11}},"81":{"start":{"line":173,"column":16},"end":{"line":173,"column":57}},"82":{"start":{"line":174,"column":20},"end":{"line":174,"column":24}},"83":{"start":{"line":175,"column":24},"end":{"line":175,"column":32}},"84":{"start":{"line":177,"column":2},"end":{"line":177,"column":24}},"85":{"start":{"line":179,"column":21},"end":{"line":179,"column":53}},"86":{"start":{"line":180,"column":24},"end":{"line":180,"column":62}},"87":{"start":{"line":181,"column":24},"end":{"line":181,"column":62}},"88":{"start":{"line":183,"column":2},"end":{"line":198,"column":5}},"89":{"start":{"line":184,"column":4},"end":{"line":184,"column":36}},"90":{"start":{"line":186,"column":17},"end":{"line":186,"column":45}},"91":{"start":{"line":187,"column":24},"end":{"line":187,"column":50}},"92":{"start":{"line":188,"column":24},"end":{"line":188,"column":50}},"93":{"start":{"line":190,"column":15},"end":{"line":190,"column":42}},"94":{"start":{"line":191,"column":15},"end":{"line":191,"column":42}},"95":{"start":{"line":192,"column":21},"end":{"line":192,"column":49}},"96":{"start":{"line":194,"column":4},"end":{"line":197,"column":5}},"97":{"start":{"line":195,"column":6},"end":{"line":195,"column":33}},"98":{"start":{"line":196,"column":6},"end":{"line":196,"column":25}},"99":{"start":{"line":200,"column":2},"end":{"line":203,"column":3}},"100":{"start":{"line":201,"column":4},"end":{"line":201,"column":40}},"101":{"start":{"line":202,"column":4},"end":{"line":202,"column":52}},"102":{"start":{"line":207,"column":20},"end":{"line":207,"column":53}},"103":{"start":{"line":208,"column":2},"end":{"line":210,"column":3}},"104":{"start":{"line":209,"column":4},"end":{"line":209,"column":11}},"105":{"start":{"line":212,"column":2},"end":{"line":261,"column":5}},"106":{"start":{"line":213,"column":4},"end":{"line":215,"column":5}},"107":{"start":{"line":214,"column":6},"end":{"line":214,"column":13}},"108":{"start":{"line":217,"column":26},"end":{"line":217,"column":52}},"109":{"start":{"line":218,"column":4},"end":{"line":220,"column":5}},"110":{"start":{"line":219,"column":6},"end":{"line":219,"column":13}},"111":{"start":{"line":222,"column":24},"end":{"line":222,"column":56}},"112":{"start":{"line":223,"column":4},"end":{"line":225,"column":5}},"113":{"start":{"line":224,"column":6},"end":{"line":224,"column":13}},"114":{"start":{"line":227,"column":17},"end":{"line":227,"column":50}},"115":{"start":{"line":228,"column":4},"end":{"line":228,"column":41}},"116":{"start":{"line":229,"column":4},"end":{"line":229,"column":40}},"117":{"start":{"line":231,"column":17},"end":{"line":231,"column":43}},"118":{"start":{"line":232,"column":17},"end":{"line":232,"column":44}},"119":{"start":{"line":234,"column":4},"end":{"line":234,"column":51}},"120":{"start":{"line":235,"column":4},"end":{"line":235,"column":51}},"121":{"start":{"line":237,"column":4},"end":{"line":237,"column":41}},"122":{"start":{"line":238,"column":4},"end":{"line":238,"column":40}},"123":{"start":{"line":240,"column":4},"end":{"line":258,"column":5}},"124":{"start":{"line":241,"column":6},"end":{"line":257,"column":7}},"125":{"start":{"line":242,"column":8},"end":{"line":254,"column":11}},"126":{"start":{"line":256,"column":8},"end":{"line":256,"column":48}},"127":{"start":{"line":260,"column":4},"end":{"line":260,"column":24}},"128":{"start":{"line":265,"column":2},"end":{"line":281,"column":5}},"129":{"start":{"line":266,"column":4},"end":{"line":272,"column":5}},"130":{"start":{"line":267,"column":6},"end":{"line":267,"column":26}},"131":{"start":{"line":268,"column":26},"end":{"line":268,"column":56}},"132":{"start":{"line":269,"column":6},"end":{"line":271,"column":7}},"133":{"start":{"line":270,"column":8},"end":{"line":270,"column":35}},"134":{"start":{"line":274,"column":4},"end":{"line":280,"column":5}},"135":{"start":{"line":275,"column":6},"end":{"line":275,"column":26}},"136":{"start":{"line":276,"column":26},"end":{"line":276,"column":56}},"137":{"start":{"line":277,"column":6},"end":{"line":279,"column":7}},"138":{"start":{"line":278,"column":8},"end":{"line":278,"column":34}},"139":{"start":{"line":284,"column":0},"end":{"line":293,"column":3}},"140":{"start":{"line":285,"column":2},"end":{"line":287,"column":3}},"141":{"start":{"line":286,"column":4},"end":{"line":286,"column":11}},"142":{"start":{"line":289,"column":2},"end":{"line":289,"column":46}},"143":{"start":{"line":289,"column":27},"end":{"line":289,"column":46}},"144":{"start":{"line":290,"column":2},"end":{"line":290,"column":47}},"145":{"start":{"line":290,"column":29},"end":{"line":290,"column":47}},"146":{"start":{"line":291,"column":2},"end":{"line":291,"column":48}},"147":{"start":{"line":291,"column":29},"end":{"line":291,"column":48}},"148":{"start":{"line":292,"column":2},"end":{"line":292,"column":48}},"149":{"start":{"line":292,"column":30},"end":{"line":292,"column":48}},"150":{"start":{"line":294,"column":0},"end":{"line":305,"column":1}},"151":{"start":{"line":295,"column":2},"end":{"line":304,"column":4}}},"fnMap":{"0":{"name":"leaveMessage","decl":{"start":{"line":7,"column":15},"end":{"line":7,"column":27}},"loc":{"start":{"line":7,"column":35},"end":{"line":43,"column":1}},"line":7},"1":{"name":"supportFlower","decl":{"start":{"line":45,"column":15},"end":{"line":45,"column":28}},"loc":{"start":{"line":45,"column":36},"end":{"line":68,"column":1}},"line":45},"2":{"name":"deleteFlower","decl":{"start":{"line":70,"column":15},"end":{"line":70,"column":27}},"loc":{"start":{"line":70,"column":35},"end":{"line":104,"column":1}},"line":70},"3":{"name":"createVisitorAvatar","decl":{"start":{"line":106,"column":9},"end":{"line":106,"column":28}},"loc":{"start":{"line":106,"column":31},"end":{"line":124,"column":1}},"line":106},"4":{"name":"moveAvatar","decl":{"start":{"line":126,"column":15},"end":{"line":126,"column":25}},"loc":{"start":{"line":126,"column":34},"end":{"line":166,"column":1}},"line":126},"5":{"name":"checkNearbyFlower","decl":{"start":{"line":168,"column":9},"end":{"line":168,"column":26}},"loc":{"start":{"line":168,"column":29},"end":{"line":204,"column":1}},"line":168},"6":{"name":"(anonymous_6)","decl":{"start":{"line":183,"column":16},"end":{"line":183,"column":17}},"loc":{"start":{"line":183,"column":26},"end":{"line":198,"column":3}},"line":183},"7":{"name":"setupGardenClickMove","decl":{"start":{"line":206,"column":9},"end":{"line":206,"column":29}},"loc":{"start":{"line":206,"column":32},"end":{"line":262,"column":1}},"line":206},"8":{"name":"(anonymous_8)","decl":{"start":{"line":212,"column":38},"end":{"line":212,"column":39}},"loc":{"start":{"line":212,"column":51},"end":{"line":261,"column":3}},"line":212},"9":{"name":"setupFriendFlowerActions","decl":{"start":{"line":264,"column":9},"end":{"line":264,"column":33}},"loc":{"start":{"line":264,"column":36},"end":{"line":282,"column":1}},"line":264},"10":{"name":"(anonymous_10)","decl":{"start":{"line":265,"column":37},"end":{"line":265,"column":38}},"loc":{"start":{"line":265,"column":44},"end":{"line":281,"column":3}},"line":265},"11":{"name":"(anonymous_11)","decl":{"start":{"line":284,"column":37},"end":{"line":284,"column":38}},"loc":{"start":{"line":284,"column":44},"end":{"line":293,"column":1}},"line":284}},"branchMap":{"0":{"loc":{"start":{"line":10,"column":2},"end":{"line":12,"column":3}},"type":"if","locations":[{"start":{"line":10,"column":2},"end":{"line":12,"column":3}},{"start":{},"end":{}}],"line":10},"1":{"loc":{"start":{"line":10,"column":6},"end":{"line":10,"column":25}},"type":"binary-expr","locations":[{"start":{"line":10,"column":6},"end":{"line":10,"column":10}},{"start":{"line":10,"column":14},"end":{"line":10,"column":25}}],"line":10},"2":{"loc":{"start":{"line":15,"column":2},"end":{"line":17,"column":3}},"type":"if","locations":[{"start":{"line":15,"column":2},"end":{"line":17,"column":3}},{"start":{},"end":{}}],"line":15},"3":{"loc":{"start":{"line":20,"column":4},"end":{"line":20,"column":71}},"type":"cond-expr","locations":[{"start":{"line":20,"column":28},"end":{"line":20,"column":50}},{"start":{"line":20,"column":53},"end":{"line":20,"column":71}}],"line":20},"4":{"loc":{"start":{"line":28,"column":6},"end":{"line":28,"column":29}},"type":"cond-expr","locations":[{"start":{"line":28,"column":11},"end":{"line":28,"column":18}},{"start":{"line":28,"column":21},"end":{"line":28,"column":29}}],"line":28},"5":{"loc":{"start":{"line":35,"column":4},"end":{"line":38,"column":5}},"type":"if","locations":[{"start":{"line":35,"column":4},"end":{"line":38,"column":5}},{"start":{},"end":{}}],"line":35},"6":{"loc":{"start":{"line":47,"column":2},"end":{"line":49,"column":3}},"type":"if","locations":[{"start":{"line":47,"column":2},"end":{"line":49,"column":3}},{"start":{},"end":{}}],"line":47},"7":{"loc":{"start":{"line":52,"column":4},"end":{"line":52,"column":71}},"type":"cond-expr","locations":[{"start":{"line":52,"column":28},"end":{"line":52,"column":50}},{"start":{"line":52,"column":53},"end":{"line":52,"column":71}}],"line":52},"8":{"loc":{"start":{"line":60,"column":4},"end":{"line":63,"column":5}},"type":"if","locations":[{"start":{"line":60,"column":4},"end":{"line":63,"column":5}},{"start":{},"end":{}}],"line":60},"9":{"loc":{"start":{"line":72,"column":2},"end":{"line":74,"column":3}},"type":"if","locations":[{"start":{"line":72,"column":2},"end":{"line":74,"column":3}},{"start":{},"end":{}}],"line":72},"10":{"loc":{"start":{"line":76,"column":2},"end":{"line":79,"column":3}},"type":"if","locations":[{"start":{"line":76,"column":2},"end":{"line":79,"column":3}},{"start":{},"end":{}}],"line":76},"11":{"loc":{"start":{"line":82,"column":2},"end":{"line":84,"column":3}},"type":"if","locations":[{"start":{"line":82,"column":2},"end":{"line":84,"column":3}},{"start":{},"end":{}}],"line":82},"12":{"loc":{"start":{"line":94,"column":4},"end":{"line":96,"column":5}},"type":"if","locations":[{"start":{"line":94,"column":4},"end":{"line":96,"column":5}},{"start":{},"end":{}}],"line":94},"13":{"loc":{"start":{"line":108,"column":2},"end":{"line":110,"column":3}},"type":"if","locations":[{"start":{"line":108,"column":2},"end":{"line":110,"column":3}},{"start":{},"end":{}}],"line":108},"14":{"loc":{"start":{"line":112,"column":2},"end":{"line":114,"column":3}},"type":"if","locations":[{"start":{"line":112,"column":2},"end":{"line":114,"column":3}},{"start":{},"end":{}}],"line":112},"15":{"loc":{"start":{"line":127,"column":2},"end":{"line":129,"column":3}},"type":"if","locations":[{"start":{"line":127,"column":2},"end":{"line":129,"column":3}},{"start":{},"end":{}}],"line":127},"16":{"loc":{"start":{"line":127,"column":6},"end":{"line":127,"column":30}},"type":"binary-expr","locations":[{"start":{"line":127,"column":6},"end":{"line":127,"column":17}},{"start":{"line":127,"column":21},"end":{"line":127,"column":30}}],"line":127},"17":{"loc":{"start":{"line":132,"column":2},"end":{"line":134,"column":3}},"type":"if","locations":[{"start":{"line":132,"column":2},"end":{"line":134,"column":3}},{"start":{},"end":{}}],"line":132},"18":{"loc":{"start":{"line":145,"column":2},"end":{"line":163,"column":3}},"type":"if","locations":[{"start":{"line":145,"column":2},"end":{"line":163,"column":3}},{"start":{},"end":{}}],"line":145},"19":{"loc":{"start":{"line":145,"column":6},"end":{"line":145,"column":53}},"type":"binary-expr","locations":[{"start":{"line":145,"column":6},"end":{"line":145,"column":27}},{"start":{"line":145,"column":31},"end":{"line":145,"column":53}}],"line":145},"20":{"loc":{"start":{"line":169,"column":2},"end":{"line":171,"column":3}},"type":"if","locations":[{"start":{"line":169,"column":2},"end":{"line":171,"column":3}},{"start":{},"end":{}}],"line":169},"21":{"loc":{"start":{"line":169,"column":6},"end":{"line":169,"column":30}},"type":"binary-expr","locations":[{"start":{"line":169,"column":6},"end":{"line":169,"column":17}},{"start":{"line":169,"column":21},"end":{"line":169,"column":30}}],"line":169},"22":{"loc":{"start":{"line":194,"column":4},"end":{"line":197,"column":5}},"type":"if","locations":[{"start":{"line":194,"column":4},"end":{"line":197,"column":5}},{"start":{},"end":{}}],"line":194},"23":{"loc":{"start":{"line":200,"column":2},"end":{"line":203,"column":3}},"type":"if","locations":[{"start":{"line":200,"column":2},"end":{"line":203,"column":3}},{"start":{},"end":{}}],"line":200},"24":{"loc":{"start":{"line":200,"column":6},"end":{"line":200,"column":42}},"type":"binary-expr","locations":[{"start":{"line":200,"column":6},"end":{"line":200,"column":17}},{"start":{"line":200,"column":21},"end":{"line":200,"column":42}}],"line":200},"25":{"loc":{"start":{"line":208,"column":2},"end":{"line":210,"column":3}},"type":"if","locations":[{"start":{"line":208,"column":2},"end":{"line":210,"column":3}},{"start":{},"end":{}}],"line":208},"26":{"loc":{"start":{"line":213,"column":4},"end":{"line":215,"column":5}},"type":"if","locations":[{"start":{"line":213,"column":4},"end":{"line":215,"column":5}},{"start":{},"end":{}}],"line":213},"27":{"loc":{"start":{"line":213,"column":8},"end":{"line":213,"column":32}},"type":"binary-expr","locations":[{"start":{"line":213,"column":8},"end":{"line":213,"column":19}},{"start":{"line":213,"column":23},"end":{"line":213,"column":32}}],"line":213},"28":{"loc":{"start":{"line":218,"column":4},"end":{"line":220,"column":5}},"type":"if","locations":[{"start":{"line":218,"column":4},"end":{"line":220,"column":5}},{"start":{},"end":{}}],"line":218},"29":{"loc":{"start":{"line":223,"column":4},"end":{"line":225,"column":5}},"type":"if","locations":[{"start":{"line":223,"column":4},"end":{"line":225,"column":5}},{"start":{},"end":{}}],"line":223},"30":{"loc":{"start":{"line":240,"column":4},"end":{"line":258,"column":5}},"type":"if","locations":[{"start":{"line":240,"column":4},"end":{"line":258,"column":5}},{"start":{},"end":{}}],"line":240},"31":{"loc":{"start":{"line":240,"column":8},"end":{"line":240,"column":55}},"type":"binary-expr","locations":[{"start":{"line":240,"column":8},"end":{"line":240,"column":29}},{"start":{"line":240,"column":33},"end":{"line":240,"column":55}}],"line":240},"32":{"loc":{"start":{"line":266,"column":4},"end":{"line":272,"column":5}},"type":"if","locations":[{"start":{"line":266,"column":4},"end":{"line":272,"column":5}},{"start":{},"end":{}}],"line":266},"33":{"loc":{"start":{"line":269,"column":6},"end":{"line":271,"column":7}},"type":"if","locations":[{"start":{"line":269,"column":6},"end":{"line":271,"column":7}},{"start":{},"end":{}}],"line":269},"34":{"loc":{"start":{"line":274,"column":4},"end":{"line":280,"column":5}},"type":"if","locations":[{"start":{"line":274,"column":4},"end":{"line":280,"column":5}},{"start":{},"end":{}}],"line":274},"35":{"loc":{"start":{"line":277,"column":6},"end":{"line":279,"column":7}},"type":"if","locations":[{"start":{"line":277,"column":6},"end":{"line":279,"column":7}},{"start":{},"end":{}}],"line":277},"36":{"loc":{"start":{"line":285,"column":2},"end":{"line":287,"column":3}},"type":"if","locations":[{"start":{"line":285,"column":2},"end":{"line":287,"column":3}},{"start":{},"end":{}}],"line":285},"37":{"loc":{"start":{"line":289,"column":2},"end":{"line":289,"column":46}},"type":"if","locations":[{"start":{"line":289,"column":2},"end":{"line":289,"column":46}},{"start":{},"end":{}}],"line":289},"38":{"loc":{"start":{"line":290,"column":2},"end":{"line":290,"column":47}},"type":"if","locations":[{"start":{"line":290,"column":2},"end":{"line":290,"column":47}},{"start":{},"end":{}}],"line":290},"39":{"loc":{"start":{"line":291,"column":2},"end":{"line":291,"column":48}},"type":"if","locations":[{"start":{"line":291,"column":2},"end":{"line":291,"column":48}},{"start":{},"end":{}}],"line":291},"40":{"loc":{"start":{"line":292,"column":2},"end":{"line":292,"column":48}},"type":"if","locations":[{"start":{"line":292,"column":2},"end":{"line":292,"column":48}},{"start":{},"end":{}}],"line":292},"41":{"loc":{"start":{"line":294,"column":0},"end":{"line":305,"column":1}},"type":"if","locations":[{"start":{"line":294,"column":0},"end":{"line":305,"column":1}},{"start":{},"end":{}}],"line":294}},"s":{"0":1,"1":1,"2":1,"3":1,"4":1,"5":8,"6":8,"7":2,"8":6,"9":6,"10":1,"11":5,"12":5,"13":5,"14":5,"15":4,"16":4,"17":4,"18":0,"19":0,"20":1,"21":1,"22":6,"23":6,"24":1,"25":5,"26":5,"27":5,"28":4,"29":4,"30":4,"31":0,"32":0,"33":1,"34":1,"35":5,"36":5,"37":1,"38":4,"39":1,"40":1,"41":3,"42":3,"43":1,"44":2,"45":2,"46":2,"47":1,"48":1,"49":1,"50":1,"51":1,"52":4,"53":4,"54":1,"55":3,"56":2,"57":3,"58":3,"59":3,"60":3,"61":3,"62":3,"63":1,"64":1,"65":0,"66":0,"67":0,"68":0,"69":0,"70":0,"71":0,"72":0,"73":0,"74":0,"75":0,"76":0,"77":0,"78":0,"79":1,"80":1,"81":0,"82":0,"83":0,"84":0,"85":0,"86":0,"87":0,"88":0,"89":0,"90":0,"91":0,"92":0,"93":0,"94":0,"95":0,"96":0,"97":0,"98":0,"99":0,"100":0,"101":0,"102":2,"103":2,"104":1,"105":1,"106":1,"107":1,"108":0,"109":0,"110":0,"111":0,"112":0,"113":0,"114":0,"115":0,"116":0,"117":0,"118":0,"119":0,"120":0,"121":0,"122":0,"123":0,"124":0,"125":0,"126":0,"127":0,"128":2,"129":3,"130":2,"131":2,"132":2,"133":2,"134":3,"135":1,"136":1,"137":1,"138":1,"139":1,"140":0,"141":0,"142":0,"143":0,"144":0,"145":0,"146":0,"147":0,"148":0,"149":0,"150":1,"151":1},"f":{"0":8,"1":6,"2":5,"3":4,"4":1,"5":1,"6":0,"7":2,"8":1,"9":2,"10":3,"11":0},"b":{"0":[2,6],"1":[8,7],"2":[1,5],"3":[1,4],"4":[4,1],"5":[0,4],"6":[1,5],"7":[1,4],"8":[0,4],"9":[1,4],"10":[1,3],"11":[1,2],"12":[1,1],"13":[1,3],"14":[2,1],"15":[1,0],"16":[1,0],"17":[0,0],"18":[0,0],"19":[0,0],"20":[1,0],"21":[1,0],"22":[0,0],"23":[0,0],"24":[0,0],"25":[1,1],"26":[1,0],"27":[1,0],"28":[0,0],"29":[0,0],"30":[0,0],"31":[0,0],"32":[2,1],"33":[2,0],"34":[1,2],"35":[1,0],"36":[0,0],"37":[0,0],"38":[0,0],"39":[0,0],"40":[0,0],"41":[1,0]},"_coverageSchema":"1a1c01bbd47fc00a2c39e90264f33305004495a9","hash":"258f2905976768d2183d395b2b82610e482322cf"}
}
