{"/Users/jean/workspace/PetalPal/public/main.js": {"path":"/Users/jean/workspace/PetalPal/public/main.js","statementMap":{"0":{"start":{"line":1,"column":24},"end":{"line":1,"column":26}},"1":{"start":{"line":2,"column":30},"end":{"line":2,"column":34}},"2":{"start":{"line":3,"column":19},"end":{"line":3,"column":23}},"3":{"start":{"line":5,"column":29},"end":{"line":5,"column":33}},"4":{"start":{"line":6,"column":15},"end":{"line":6,"column":21}},"5":{"start":{"line":8,"column":16},"end":{"line":8,"column":20}},"6":{"start":{"line":9,"column":22},"end":{"line":9,"column":26}},"7":{"start":{"line":10,"column":28},"end":{"line":10,"column":33}},"8":{"start":{"line":13,"column":23},"end":{"line":13,"column":27}},"9":{"start":{"line":16,"column":22},"end":{"line":16,"column":60}},"10":{"start":{"line":17,"column":2},"end":{"line":19,"column":3}},"11":{"start":{"line":18,"column":4},"end":{"line":18,"column":36}},"12":{"start":{"line":23,"column":22},"end":{"line":23,"column":67}},"13":{"start":{"line":24,"column":2},"end":{"line":26,"column":3}},"14":{"start":{"line":25,"column":4},"end":{"line":25,"column":11}},"15":{"start":{"line":28,"column":2},"end":{"line":31,"column":3}},"16":{"start":{"line":29,"column":4},"end":{"line":29,"column":45}},"17":{"start":{"line":30,"column":4},"end":{"line":30,"column":11}},"18":{"start":{"line":33,"column":2},"end":{"line":33,"column":113}},"19":{"start":{"line":37,"column":2},"end":{"line":37,"column":50}},"20":{"start":{"line":41,"column":2},"end":{"line":41,"column":77}},"21":{"start":{"line":45,"column":2},"end":{"line":45,"column":39}},"22":{"start":{"line":46,"column":2},"end":{"line":46,"column":65}},"23":{"start":{"line":48,"column":2},"end":{"line":51,"column":3}},"24":{"start":{"line":49,"column":4},"end":{"line":49,"column":28}},"25":{"start":{"line":50,"column":4},"end":{"line":50,"column":11}},"26":{"start":{"line":53,"column":2},"end":{"line":58,"column":3}},"27":{"start":{"line":55,"column":39},"end":{"line":55,"column":69}},"28":{"start":{"line":57,"column":4},"end":{"line":57,"column":11}},"29":{"start":{"line":60,"column":2},"end":{"line":60,"column":26}},"30":{"start":{"line":64,"column":2},"end":{"line":64,"column":28}},"31":{"start":{"line":68,"column":21},"end":{"line":68,"column":58}},"32":{"start":{"line":69,"column":21},"end":{"line":69,"column":58}},"33":{"start":{"line":70,"column":28},"end":{"line":70,"column":72}},"34":{"start":{"line":72,"column":2},"end":{"line":77,"column":3}},"35":{"start":{"line":73,"column":4},"end":{"line":75,"column":5}},"36":{"start":{"line":74,"column":6},"end":{"line":74,"column":40}},"37":{"start":{"line":76,"column":4},"end":{"line":76,"column":11}},"38":{"start":{"line":79,"column":2},"end":{"line":81,"column":3}},"39":{"start":{"line":80,"column":4},"end":{"line":80,"column":39}},"40":{"start":{"line":83,"column":2},"end":{"line":91,"column":3}},"41":{"start":{"line":84,"column":4},"end":{"line":86,"column":5}},"42":{"start":{"line":85,"column":6},"end":{"line":85,"column":47}},"43":{"start":{"line":87,"column":4},"end":{"line":89,"column":5}},"44":{"start":{"line":88,"column":6},"end":{"line":88,"column":61}},"45":{"start":{"line":90,"column":4},"end":{"line":90,"column":11}},"46":{"start":{"line":93,"column":17},"end":{"line":93,"column":64}},"47":{"start":{"line":95,"column":2},"end":{"line":97,"column":3}},"48":{"start":{"line":96,"column":4},"end":{"line":96,"column":52}},"49":{"start":{"line":99,"column":2},"end":{"line":101,"column":3}},"50":{"start":{"line":100,"column":4},"end":{"line":100,"column":69}},"51":{"start":{"line":105,"column":21},"end":{"line":105,"column":60}},"52":{"start":{"line":106,"column":2},"end":{"line":108,"column":3}},"53":{"start":{"line":107,"column":4},"end":{"line":107,"column":11}},"54":{"start":{"line":110,"column":18},"end":{"line":110,"column":69}},"55":{"start":{"line":111,"column":2},"end":{"line":111,"column":28}},"56":{"start":{"line":113,"column":2},"end":{"line":116,"column":3}},"57":{"start":{"line":114,"column":4},"end":{"line":114,"column":77}},"58":{"start":{"line":115,"column":4},"end":{"line":115,"column":11}},"59":{"start":{"line":118,"column":2},"end":{"line":128,"column":5}},"60":{"start":{"line":119,"column":17},"end":{"line":119,"column":46}},"61":{"start":{"line":120,"column":4},"end":{"line":120,"column":41}},"62":{"start":{"line":122,"column":4},"end":{"line":125,"column":6}},"63":{"start":{"line":127,"column":4},"end":{"line":127,"column":33}},"64":{"start":{"line":132,"column":20},"end":{"line":132,"column":53}},"65":{"start":{"line":133,"column":2},"end":{"line":135,"column":3}},"66":{"start":{"line":134,"column":4},"end":{"line":134,"column":11}},"67":{"start":{"line":137,"column":2},"end":{"line":137,"column":79}},"68":{"start":{"line":137,"column":64},"end":{"line":137,"column":77}},"69":{"start":{"line":139,"column":2},"end":{"line":141,"column":3}},"70":{"start":{"line":140,"column":4},"end":{"line":140,"column":11}},"71":{"start":{"line":143,"column":2},"end":{"line":152,"column":5}},"72":{"start":{"line":144,"column":15},"end":{"line":144,"column":44}},"73":{"start":{"line":145,"column":4},"end":{"line":145,"column":34}},"74":{"start":{"line":146,"column":4},"end":{"line":146,"column":44}},"75":{"start":{"line":147,"column":4},"end":{"line":147,"column":73}},"76":{"start":{"line":148,"column":4},"end":{"line":148,"column":72}},"77":{"start":{"line":149,"column":4},"end":{"line":149,"column":41}},"78":{"start":{"line":151,"column":4},"end":{"line":151,"column":30}},"79":{"start":{"line":156,"column":21},"end":{"line":156,"column":58}},"80":{"start":{"line":158,"column":2},"end":{"line":158,"column":32}},"81":{"start":{"line":159,"column":2},"end":{"line":159,"column":36}},"82":{"start":{"line":161,"column":13},"end":{"line":161,"column":29}},"83":{"start":{"line":162,"column":2},"end":{"line":162,"column":64}},"84":{"start":{"line":164,"column":2},"end":{"line":164,"column":21}},"85":{"start":{"line":165,"column":2},"end":{"line":165,"column":21}},"86":{"start":{"line":166,"column":2},"end":{"line":166,"column":17}},"87":{"start":{"line":167,"column":2},"end":{"line":167,"column":23}},"88":{"start":{"line":168,"column":2},"end":{"line":168,"column":54}},"89":{"start":{"line":169,"column":2},"end":{"line":169,"column":22}},"90":{"start":{"line":173,"column":23},"end":{"line":173,"column":47}},"91":{"start":{"line":175,"column":2},"end":{"line":177,"column":3}},"92":{"start":{"line":176,"column":4},"end":{"line":176,"column":11}},"93":{"start":{"line":179,"column":19},"end":{"line":179,"column":46}},"94":{"start":{"line":181,"column":2},"end":{"line":183,"column":3}},"95":{"start":{"line":182,"column":4},"end":{"line":182,"column":51}},"96":{"start":{"line":185,"column":36},"end":{"line":185,"column":63}},"97":{"start":{"line":187,"column":2},"end":{"line":187,"column":38}},"98":{"start":{"line":189,"column":2},"end":{"line":193,"column":3}},"99":{"start":{"line":190,"column":4},"end":{"line":190,"column":33}},"100":{"start":{"line":192,"column":4},"end":{"line":192,"column":36}},"101":{"start":{"line":195,"column":2},"end":{"line":200,"column":3}},"102":{"start":{"line":196,"column":15},"end":{"line":196,"column":31}},"103":{"start":{"line":197,"column":4},"end":{"line":197,"column":66}},"104":{"start":{"line":198,"column":9},"end":{"line":200,"column":3}},"105":{"start":{"line":199,"column":4},"end":{"line":199,"column":61}},"106":{"start":{"line":202,"column":2},"end":{"line":202,"column":21}},"107":{"start":{"line":203,"column":2},"end":{"line":203,"column":21}},"108":{"start":{"line":204,"column":2},"end":{"line":204,"column":17}},"109":{"start":{"line":205,"column":2},"end":{"line":205,"column":23}},"110":{"start":{"line":207,"column":2},"end":{"line":218,"column":3}},"111":{"start":{"line":208,"column":4},"end":{"line":213,"column":5}},"112":{"start":{"line":209,"column":24},"end":{"line":209,"column":57}},"113":{"start":{"line":210,"column":6},"end":{"line":212,"column":7}},"114":{"start":{"line":211,"column":8},"end":{"line":211,"column":40}},"115":{"start":{"line":215,"column":4},"end":{"line":217,"column":5}},"116":{"start":{"line":216,"column":6},"end":{"line":216,"column":26}},"117":{"start":{"line":221,"column":4},"end":{"line":223,"column":59}},"118":{"start":{"line":225,"column":2},"end":{"line":225,"column":40}},"119":{"start":{"line":226,"column":2},"end":{"line":226,"column":22}},"120":{"start":{"line":230,"column":2},"end":{"line":232,"column":3}},"121":{"start":{"line":231,"column":4},"end":{"line":231,"column":11}},"122":{"start":{"line":234,"column":2},"end":{"line":234,"column":33}},"123":{"start":{"line":235,"column":2},"end":{"line":235,"column":28}},"124":{"start":{"line":237,"column":2},"end":{"line":244,"column":3}},"125":{"start":{"line":238,"column":20},"end":{"line":238,"column":58}},"126":{"start":{"line":239,"column":24},"end":{"line":239,"column":86}},"127":{"start":{"line":239,"column":49},"end":{"line":239,"column":85}},"128":{"start":{"line":241,"column":4},"end":{"line":243,"column":5}},"129":{"start":{"line":242,"column":6},"end":{"line":242,"column":27}},"130":{"start":{"line":248,"column":2},"end":{"line":248,"column":16}},"131":{"start":{"line":250,"column":2},"end":{"line":257,"column":20}},"132":{"start":{"line":251,"column":4},"end":{"line":256,"column":5}},"133":{"start":{"line":252,"column":6},"end":{"line":252,"column":33}},"134":{"start":{"line":253,"column":6},"end":{"line":253,"column":34}},"135":{"start":{"line":255,"column":6},"end":{"line":255,"column":43}},"136":{"start":{"line":261,"column":2},"end":{"line":264,"column":3}},"137":{"start":{"line":262,"column":4},"end":{"line":262,"column":29}},"138":{"start":{"line":263,"column":4},"end":{"line":263,"column":21}},"139":{"start":{"line":268,"column":2},"end":{"line":268,"column":65}},"140":{"start":{"line":270,"column":2},"end":{"line":270,"column":20}},"141":{"start":{"line":271,"column":2},"end":{"line":271,"column":32}},"142":{"start":{"line":272,"column":2},"end":{"line":272,"column":21}},"143":{"start":{"line":273,"column":2},"end":{"line":273,"column":48}},"144":{"start":{"line":275,"column":2},"end":{"line":278,"column":3}},"145":{"start":{"line":276,"column":4},"end":{"line":276,"column":22}},"146":{"start":{"line":277,"column":4},"end":{"line":277,"column":20}},"147":{"start":{"line":280,"column":2},"end":{"line":280,"column":24}},"148":{"start":{"line":281,"column":2},"end":{"line":281,"column":26}},"149":{"start":{"line":283,"column":2},"end":{"line":283,"column":26}},"150":{"start":{"line":285,"column":21},"end":{"line":285,"column":58}},"151":{"start":{"line":286,"column":21},"end":{"line":286,"column":58}},"152":{"start":{"line":288,"column":2},"end":{"line":290,"column":3}},"153":{"start":{"line":289,"column":4},"end":{"line":289,"column":26}},"154":{"start":{"line":292,"column":2},"end":{"line":294,"column":3}},"155":{"start":{"line":293,"column":4},"end":{"line":293,"column":26}},"156":{"start":{"line":298,"column":2},"end":{"line":298,"column":20}},"157":{"start":{"line":299,"column":2},"end":{"line":299,"column":32}},"158":{"start":{"line":300,"column":2},"end":{"line":300,"column":21}},"159":{"start":{"line":302,"column":2},"end":{"line":302,"column":48}},"160":{"start":{"line":303,"column":24},"end":{"line":303,"column":64}},"161":{"start":{"line":304,"column":2},"end":{"line":306,"column":3}},"162":{"start":{"line":305,"column":4},"end":{"line":305,"column":41}},"163":{"start":{"line":308,"column":2},"end":{"line":311,"column":3}},"164":{"start":{"line":309,"column":4},"end":{"line":309,"column":22}},"165":{"start":{"line":310,"column":4},"end":{"line":310,"column":20}},"166":{"start":{"line":313,"column":2},"end":{"line":313,"column":24}},"167":{"start":{"line":314,"column":2},"end":{"line":314,"column":26}},"168":{"start":{"line":316,"column":2},"end":{"line":316,"column":26}},"169":{"start":{"line":320,"column":2},"end":{"line":326,"column":3}},"170":{"start":{"line":321,"column":4},"end":{"line":325,"column":5}},"171":{"start":{"line":322,"column":6},"end":{"line":322,"column":67}},"172":{"start":{"line":324,"column":6},"end":{"line":324,"column":47}},"173":{"start":{"line":328,"column":2},"end":{"line":328,"column":23}},"174":{"start":{"line":332,"column":18},"end":{"line":332,"column":56}},"175":{"start":{"line":333,"column":17},"end":{"line":333,"column":61}},"176":{"start":{"line":333,"column":40},"end":{"line":333,"column":60}},"177":{"start":{"line":335,"column":2},"end":{"line":337,"column":3}},"178":{"start":{"line":336,"column":4},"end":{"line":336,"column":11}},"179":{"start":{"line":339,"column":2},"end":{"line":345,"column":3}},"180":{"start":{"line":340,"column":4},"end":{"line":344,"column":5}},"181":{"start":{"line":341,"column":6},"end":{"line":341,"column":67}},"182":{"start":{"line":343,"column":6},"end":{"line":343,"column":64}},"183":{"start":{"line":347,"column":2},"end":{"line":347,"column":36}},"184":{"start":{"line":348,"column":2},"end":{"line":348,"column":22}},"185":{"start":{"line":349,"column":2},"end":{"line":349,"column":20}},"186":{"start":{"line":350,"column":2},"end":{"line":350,"column":26}},"187":{"start":{"line":352,"column":2},"end":{"line":352,"column":45}},"188":{"start":{"line":354,"column":24},"end":{"line":354,"column":64}},"189":{"start":{"line":355,"column":2},"end":{"line":357,"column":3}},"190":{"start":{"line":356,"column":4},"end":{"line":356,"column":42}},"191":{"start":{"line":359,"column":2},"end":{"line":359,"column":16}},"192":{"start":{"line":360,"column":2},"end":{"line":360,"column":16}},"193":{"start":{"line":361,"column":2},"end":{"line":361,"column":24}},"194":{"start":{"line":363,"column":2},"end":{"line":363,"column":67}},"195":{"start":{"line":364,"column":2},"end":{"line":364,"column":29}},"196":{"start":{"line":366,"column":2},"end":{"line":369,"column":3}},"197":{"start":{"line":367,"column":4},"end":{"line":367,"column":26}},"198":{"start":{"line":368,"column":4},"end":{"line":368,"column":24}},"199":{"start":{"line":373,"column":14},"end":{"line":382,"column":4}},"200":{"start":{"line":384,"column":15},"end":{"line":384,"column":31}},"201":{"start":{"line":386,"column":2},"end":{"line":388,"column":3}},"202":{"start":{"line":387,"column":4},"end":{"line":387,"column":58}},"203":{"start":{"line":390,"column":2},"end":{"line":390,"column":14}},"204":{"start":{"line":394,"column":14},"end":{"line":403,"column":4}},"205":{"start":{"line":405,"column":15},"end":{"line":405,"column":31}},"206":{"start":{"line":407,"column":2},"end":{"line":409,"column":3}},"207":{"start":{"line":408,"column":4},"end":{"line":408,"column":61}},"208":{"start":{"line":411,"column":2},"end":{"line":411,"column":14}},"209":{"start":{"line":415,"column":14},"end":{"line":424,"column":4}},"210":{"start":{"line":426,"column":15},"end":{"line":426,"column":31}},"211":{"start":{"line":428,"column":2},"end":{"line":430,"column":3}},"212":{"start":{"line":429,"column":4},"end":{"line":429,"column":59}},"213":{"start":{"line":432,"column":2},"end":{"line":432,"column":14}},"214":{"start":{"line":436,"column":22},"end":{"line":436,"column":57}},"215":{"start":{"line":437,"column":2},"end":{"line":439,"column":3}},"216":{"start":{"line":438,"column":4},"end":{"line":438,"column":11}},"217":{"start":{"line":441,"column":2},"end":{"line":441,"column":29}},"218":{"start":{"line":443,"column":2},"end":{"line":486,"column":3}},"219":{"start":{"line":444,"column":18},"end":{"line":444,"column":39}},"220":{"start":{"line":446,"column":4},"end":{"line":449,"column":5}},"221":{"start":{"line":447,"column":6},"end":{"line":447,"column":77}},"222":{"start":{"line":448,"column":6},"end":{"line":448,"column":13}},"223":{"start":{"line":451,"column":4},"end":{"line":482,"column":7}},"224":{"start":{"line":452,"column":18},"end":{"line":452,"column":50}},"225":{"start":{"line":453,"column":6},"end":{"line":453,"column":54}},"226":{"start":{"line":454,"column":6},"end":{"line":479,"column":9}},"227":{"start":{"line":455,"column":8},"end":{"line":478,"column":9}},"228":{"start":{"line":456,"column":10},"end":{"line":462,"column":11}},"229":{"start":{"line":457,"column":12},"end":{"line":461,"column":13}},"230":{"start":{"line":458,"column":14},"end":{"line":458,"column":75}},"231":{"start":{"line":460,"column":14},"end":{"line":460,"column":67}},"232":{"start":{"line":464,"column":10},"end":{"line":464,"column":36}},"233":{"start":{"line":465,"column":10},"end":{"line":465,"column":69}},"234":{"start":{"line":466,"column":10},"end":{"line":466,"column":67}},"235":{"start":{"line":468,"column":10},"end":{"line":468,"column":24}},"236":{"start":{"line":469,"column":10},"end":{"line":469,"column":37}},"237":{"start":{"line":470,"column":10},"end":{"line":470,"column":35}},"238":{"start":{"line":471,"column":10},"end":{"line":471,"column":41}},"239":{"start":{"line":472,"column":10},"end":{"line":472,"column":36}},"240":{"start":{"line":473,"column":10},"end":{"line":473,"column":31}},"241":{"start":{"line":474,"column":10},"end":{"line":474,"column":25}},"242":{"start":{"line":476,"column":10},"end":{"line":476,"column":54}},"243":{"start":{"line":477,"column":10},"end":{"line":477,"column":44}},"244":{"start":{"line":481,"column":6},"end":{"line":481,"column":35}},"245":{"start":{"line":484,"column":4},"end":{"line":484,"column":52}},"246":{"start":{"line":485,"column":4},"end":{"line":485,"column":80}},"247":{"start":{"line":490,"column":17},"end":{"line":490,"column":59}},"248":{"start":{"line":491,"column":2},"end":{"line":493,"column":3}},"249":{"start":{"line":492,"column":4},"end":{"line":492,"column":11}},"250":{"start":{"line":495,"column":2},"end":{"line":497,"column":3}},"251":{"start":{"line":496,"column":4},"end":{"line":496,"column":11}},"252":{"start":{"line":499,"column":24},"end":{"line":499,"column":36}},"253":{"start":{"line":501,"column":2},"end":{"line":528,"column":3}},"254":{"start":{"line":502,"column":21},"end":{"line":502,"column":42}},"255":{"start":{"line":503,"column":20},"end":{"line":503,"column":58}},"256":{"start":{"line":504,"column":22},"end":{"line":504,"column":73}},"257":{"start":{"line":504,"column":62},"end":{"line":504,"column":71}},"258":{"start":{"line":506,"column":23},"end":{"line":508,"column":48}},"259":{"start":{"line":507,"column":24},"end":{"line":507,"column":54}},"260":{"start":{"line":508,"column":24},"end":{"line":508,"column":47}},"261":{"start":{"line":510,"column":4},"end":{"line":510,"column":65}},"262":{"start":{"line":512,"column":4},"end":{"line":517,"column":7}},"263":{"start":{"line":513,"column":21},"end":{"line":513,"column":53}},"264":{"start":{"line":514,"column":6},"end":{"line":514,"column":29}},"265":{"start":{"line":515,"column":6},"end":{"line":515,"column":57}},"266":{"start":{"line":516,"column":6},"end":{"line":516,"column":33}},"267":{"start":{"line":519,"column":24},"end":{"line":519,"column":76}},"268":{"start":{"line":519,"column":50},"end":{"line":519,"column":75}},"269":{"start":{"line":520,"column":4},"end":{"line":524,"column":5}},"270":{"start":{"line":521,"column":6},"end":{"line":521,"column":35}},"271":{"start":{"line":523,"column":6},"end":{"line":523,"column":24}},"272":{"start":{"line":526,"column":4},"end":{"line":526,"column":59}},"273":{"start":{"line":527,"column":4},"end":{"line":527,"column":72}},"274":{"start":{"line":532,"column":25},"end":{"line":532,"column":63}},"275":{"start":{"line":533,"column":2},"end":{"line":535,"column":3}},"276":{"start":{"line":534,"column":4},"end":{"line":534,"column":11}},"277":{"start":{"line":537,"column":2},"end":{"line":537,"column":32}},"278":{"start":{"line":539,"column":2},"end":{"line":604,"column":3}},"279":{"start":{"line":540,"column":20},"end":{"line":540,"column":58}},"280":{"start":{"line":542,"column":4},"end":{"line":545,"column":5}},"281":{"start":{"line":543,"column":6},"end":{"line":543,"column":82}},"282":{"start":{"line":544,"column":6},"end":{"line":544,"column":13}},"283":{"start":{"line":547,"column":4},"end":{"line":600,"column":7}},"284":{"start":{"line":548,"column":19},"end":{"line":548,"column":48}},"285":{"start":{"line":549,"column":6},"end":{"line":549,"column":37}},"286":{"start":{"line":551,"column":22},"end":{"line":551,"column":51}},"287":{"start":{"line":552,"column":6},"end":{"line":554,"column":8}},"288":{"start":{"line":556,"column":26},"end":{"line":556,"column":55}},"289":{"start":{"line":557,"column":6},"end":{"line":557,"column":41}},"290":{"start":{"line":558,"column":6},"end":{"line":558,"column":36}},"291":{"start":{"line":559,"column":6},"end":{"line":559,"column":42}},"292":{"start":{"line":560,"column":6},"end":{"line":560,"column":52}},"293":{"start":{"line":562,"column":22},"end":{"line":562,"column":54}},"294":{"start":{"line":563,"column":6},"end":{"line":563,"column":44}},"295":{"start":{"line":564,"column":6},"end":{"line":564,"column":36}},"296":{"start":{"line":566,"column":6},"end":{"line":572,"column":9}},"297":{"start":{"line":567,"column":8},"end":{"line":571,"column":9}},"298":{"start":{"line":568,"column":10},"end":{"line":568,"column":48}},"299":{"start":{"line":570,"column":10},"end":{"line":570,"column":58}},"300":{"start":{"line":574,"column":24},"end":{"line":574,"column":56}},"301":{"start":{"line":575,"column":6},"end":{"line":575,"column":46}},"302":{"start":{"line":576,"column":6},"end":{"line":576,"column":39}},"303":{"start":{"line":578,"column":6},"end":{"line":592,"column":9}},"304":{"start":{"line":579,"column":8},"end":{"line":591,"column":9}},"305":{"start":{"line":580,"column":10},"end":{"line":580,"column":40}},"306":{"start":{"line":582,"column":10},"end":{"line":584,"column":11}},"307":{"start":{"line":583,"column":12},"end":{"line":583,"column":33}},"308":{"start":{"line":586,"column":10},"end":{"line":586,"column":41}},"309":{"start":{"line":587,"column":10},"end":{"line":587,"column":36}},"310":{"start":{"line":589,"column":10},"end":{"line":589,"column":53}},"311":{"start":{"line":590,"column":10},"end":{"line":590,"column":43}},"312":{"start":{"line":594,"column":6},"end":{"line":594,"column":39}},"313":{"start":{"line":595,"column":6},"end":{"line":595,"column":41}},"314":{"start":{"line":597,"column":6},"end":{"line":597,"column":32}},"315":{"start":{"line":598,"column":6},"end":{"line":598,"column":36}},"316":{"start":{"line":599,"column":6},"end":{"line":599,"column":39}},"317":{"start":{"line":602,"column":4},"end":{"line":602,"column":48}},"318":{"start":{"line":603,"column":4},"end":{"line":603,"column":85}},"319":{"start":{"line":608,"column":20},"end":{"line":608,"column":56}},"320":{"start":{"line":609,"column":2},"end":{"line":611,"column":3}},"321":{"start":{"line":610,"column":4},"end":{"line":610,"column":11}},"322":{"start":{"line":613,"column":2},"end":{"line":635,"column":5}},"323":{"start":{"line":614,"column":4},"end":{"line":634,"column":5}},"324":{"start":{"line":615,"column":25},"end":{"line":615,"column":62}},"325":{"start":{"line":616,"column":25},"end":{"line":616,"column":62}},"326":{"start":{"line":618,"column":24},"end":{"line":618,"column":65}},"327":{"start":{"line":619,"column":17},"end":{"line":619,"column":51}},"328":{"start":{"line":621,"column":6},"end":{"line":623,"column":7}},"329":{"start":{"line":622,"column":8},"end":{"line":622,"column":46}},"330":{"start":{"line":625,"column":6},"end":{"line":628,"column":7}},"331":{"start":{"line":626,"column":8},"end":{"line":626,"column":73}},"332":{"start":{"line":627,"column":8},"end":{"line":627,"column":15}},"333":{"start":{"line":630,"column":6},"end":{"line":630,"column":40}},"334":{"start":{"line":632,"column":6},"end":{"line":632,"column":42}},"335":{"start":{"line":633,"column":6},"end":{"line":633,"column":40}},"336":{"start":{"line":639,"column":25},"end":{"line":639,"column":69}},"337":{"start":{"line":640,"column":30},"end":{"line":640,"column":76}},"338":{"start":{"line":642,"column":2},"end":{"line":668,"column":5}},"339":{"start":{"line":643,"column":4},"end":{"line":667,"column":7}},"340":{"start":{"line":644,"column":21},"end":{"line":644,"column":39}},"341":{"start":{"line":646,"column":6},"end":{"line":646,"column":31}},"342":{"start":{"line":648,"column":6},"end":{"line":648,"column":66}},"343":{"start":{"line":648,"column":36},"end":{"line":648,"column":64}},"344":{"start":{"line":649,"column":6},"end":{"line":649,"column":34}},"345":{"start":{"line":651,"column":6},"end":{"line":653,"column":7}},"346":{"start":{"line":652,"column":8},"end":{"line":652,"column":68}},"347":{"start":{"line":655,"column":6},"end":{"line":666,"column":7}},"348":{"start":{"line":656,"column":8},"end":{"line":660,"column":9}},"349":{"start":{"line":657,"column":10},"end":{"line":657,"column":88}},"350":{"start":{"line":659,"column":10},"end":{"line":659,"column":58}},"351":{"start":{"line":662,"column":8},"end":{"line":665,"column":9}},"352":{"start":{"line":663,"column":10},"end":{"line":663,"column":32}},"353":{"start":{"line":664,"column":10},"end":{"line":664,"column":30}},"354":{"start":{"line":670,"column":2},"end":{"line":678,"column":3}},"355":{"start":{"line":671,"column":23},"end":{"line":673,"column":5}},"356":{"start":{"line":672,"column":15},"end":{"line":672,"column":42}},"357":{"start":{"line":675,"column":4},"end":{"line":677,"column":5}},"358":{"start":{"line":676,"column":6},"end":{"line":676,"column":41}},"359":{"start":{"line":682,"column":26},"end":{"line":682,"column":68}},"360":{"start":{"line":684,"column":2},"end":{"line":692,"column":3}},"361":{"start":{"line":685,"column":4},"end":{"line":691,"column":7}},"362":{"start":{"line":686,"column":6},"end":{"line":690,"column":7}},"363":{"start":{"line":687,"column":8},"end":{"line":687,"column":29}},"364":{"start":{"line":689,"column":8},"end":{"line":689,"column":55}},"365":{"start":{"line":696,"column":20},"end":{"line":696,"column":60}},"366":{"start":{"line":697,"column":2},"end":{"line":699,"column":3}},"367":{"start":{"line":698,"column":4},"end":{"line":698,"column":11}},"368":{"start":{"line":701,"column":2},"end":{"line":735,"column":5}},"369":{"start":{"line":702,"column":22},"end":{"line":702,"column":60}},"370":{"start":{"line":703,"column":25},"end":{"line":703,"column":65}},"371":{"start":{"line":705,"column":17},"end":{"line":705,"column":56}},"372":{"start":{"line":706,"column":19},"end":{"line":706,"column":59}},"373":{"start":{"line":708,"column":4},"end":{"line":711,"column":5}},"374":{"start":{"line":709,"column":6},"end":{"line":709,"column":35}},"375":{"start":{"line":710,"column":6},"end":{"line":710,"column":13}},"376":{"start":{"line":713,"column":4},"end":{"line":734,"column":5}},"377":{"start":{"line":714,"column":22},"end":{"line":714,"column":55}},"378":{"start":{"line":716,"column":6},"end":{"line":716,"column":35}},"379":{"start":{"line":717,"column":6},"end":{"line":717,"column":68}},"380":{"start":{"line":718,"column":6},"end":{"line":718,"column":63}},"381":{"start":{"line":720,"column":6},"end":{"line":722,"column":7}},"382":{"start":{"line":721,"column":8},"end":{"line":721,"column":29}},"383":{"start":{"line":724,"column":6},"end":{"line":724,"column":20}},"384":{"start":{"line":725,"column":6},"end":{"line":725,"column":33}},"385":{"start":{"line":726,"column":6},"end":{"line":726,"column":31}},"386":{"start":{"line":727,"column":6},"end":{"line":727,"column":37}},"387":{"start":{"line":728,"column":6},"end":{"line":728,"column":32}},"388":{"start":{"line":729,"column":6},"end":{"line":729,"column":27}},"389":{"start":{"line":730,"column":6},"end":{"line":730,"column":21}},"390":{"start":{"line":732,"column":6},"end":{"line":732,"column":47}},"391":{"start":{"line":733,"column":6},"end":{"line":733,"column":52}},"392":{"start":{"line":739,"column":17},"end":{"line":739,"column":56}},"393":{"start":{"line":740,"column":2},"end":{"line":742,"column":3}},"394":{"start":{"line":741,"column":4},"end":{"line":741,"column":11}},"395":{"start":{"line":744,"column":2},"end":{"line":761,"column":5}},"396":{"start":{"line":745,"column":19},"end":{"line":745,"column":61}},"397":{"start":{"line":746,"column":21},"end":{"line":746,"column":47}},"398":{"start":{"line":748,"column":4},"end":{"line":751,"column":5}},"399":{"start":{"line":749,"column":6},"end":{"line":749,"column":43}},"400":{"start":{"line":750,"column":6},"end":{"line":750,"column":13}},"401":{"start":{"line":753,"column":4},"end":{"line":760,"column":5}},"402":{"start":{"line":754,"column":6},"end":{"line":754,"column":32}},"403":{"start":{"line":755,"column":6},"end":{"line":755,"column":37}},"404":{"start":{"line":756,"column":6},"end":{"line":756,"column":32}},"405":{"start":{"line":758,"column":6},"end":{"line":758,"column":46}},"406":{"start":{"line":759,"column":6},"end":{"line":759,"column":51}},"407":{"start":{"line":765,"column":2},"end":{"line":780,"column":5}},"408":{"start":{"line":766,"column":4},"end":{"line":779,"column":5}},"409":{"start":{"line":767,"column":6},"end":{"line":778,"column":25}},"410":{"start":{"line":784,"column":2},"end":{"line":827,"column":3}},"411":{"start":{"line":785,"column":4},"end":{"line":785,"column":28}},"412":{"start":{"line":786,"column":4},"end":{"line":786,"column":27}},"413":{"start":{"line":787,"column":4},"end":{"line":787,"column":24}},"414":{"start":{"line":788,"column":4},"end":{"line":788,"column":26}},"415":{"start":{"line":789,"column":4},"end":{"line":789,"column":31}},"416":{"start":{"line":790,"column":4},"end":{"line":790,"column":24}},"417":{"start":{"line":791,"column":4},"end":{"line":791,"column":31}},"418":{"start":{"line":793,"column":4},"end":{"line":795,"column":5}},"419":{"start":{"line":794,"column":6},"end":{"line":794,"column":29}},"420":{"start":{"line":797,"column":4},"end":{"line":799,"column":5}},"421":{"start":{"line":798,"column":6},"end":{"line":798,"column":33}},"422":{"start":{"line":801,"column":4},"end":{"line":801,"column":29}},"423":{"start":{"line":803,"column":4},"end":{"line":806,"column":5}},"424":{"start":{"line":804,"column":6},"end":{"line":804,"column":21}},"425":{"start":{"line":805,"column":6},"end":{"line":805,"column":13}},"426":{"start":{"line":808,"column":4},"end":{"line":816,"column":5}},"427":{"start":{"line":809,"column":6},"end":{"line":809,"column":63}},"428":{"start":{"line":811,"column":6},"end":{"line":811,"column":72}},"429":{"start":{"line":812,"column":6},"end":{"line":812,"column":27}},"430":{"start":{"line":813,"column":6},"end":{"line":813,"column":21}},"431":{"start":{"line":814,"column":6},"end":{"line":814,"column":31}},"432":{"start":{"line":815,"column":6},"end":{"line":815,"column":13}},"433":{"start":{"line":818,"column":4},"end":{"line":818,"column":18}},"434":{"start":{"line":819,"column":4},"end":{"line":819,"column":31}},"435":{"start":{"line":820,"column":4},"end":{"line":820,"column":35}},"436":{"start":{"line":821,"column":4},"end":{"line":821,"column":30}},"437":{"start":{"line":822,"column":4},"end":{"line":822,"column":25}},"438":{"start":{"line":823,"column":4},"end":{"line":823,"column":19}},"439":{"start":{"line":825,"column":4},"end":{"line":825,"column":38}},"440":{"start":{"line":826,"column":4},"end":{"line":826,"column":38}},"441":{"start":{"line":830,"column":0},"end":{"line":832,"column":1}},"442":{"start":{"line":831,"column":2},"end":{"line":831,"column":23}},"443":{"start":{"line":835,"column":22},"end":{"line":835,"column":60}},"444":{"start":{"line":836,"column":21},"end":{"line":836,"column":59}},"445":{"start":{"line":838,"column":2},"end":{"line":838,"column":55}},"446":{"start":{"line":838,"column":19},"end":{"line":838,"column":55}},"447":{"start":{"line":839,"column":2},"end":{"line":839,"column":52}},"448":{"start":{"line":839,"column":18},"end":{"line":839,"column":52}},"449":{"start":{"line":841,"column":2},"end":{"line":852,"column":5}},"450":{"start":{"line":850,"column":15},"end":{"line":850,"column":42}},"451":{"start":{"line":851,"column":4},"end":{"line":851,"column":38}},"452":{"start":{"line":851,"column":12},"end":{"line":851,"column":38}},"453":{"start":{"line":854,"column":18},"end":{"line":854,"column":60}},"454":{"start":{"line":855,"column":2},"end":{"line":855,"column":46}},"455":{"start":{"line":855,"column":15},"end":{"line":855,"column":46}},"456":{"start":{"line":859,"column":22},"end":{"line":859,"column":60}},"457":{"start":{"line":860,"column":21},"end":{"line":860,"column":59}},"458":{"start":{"line":862,"column":2},"end":{"line":862,"column":54}},"459":{"start":{"line":862,"column":19},"end":{"line":862,"column":54}},"460":{"start":{"line":863,"column":2},"end":{"line":863,"column":53}},"461":{"start":{"line":863,"column":18},"end":{"line":863,"column":53}},"462":{"start":{"line":865,"column":2},"end":{"line":875,"column":5}},"463":{"start":{"line":873,"column":15},"end":{"line":873,"column":42}},"464":{"start":{"line":874,"column":4},"end":{"line":874,"column":39}},"465":{"start":{"line":874,"column":12},"end":{"line":874,"column":39}},"466":{"start":{"line":877,"column":24},"end":{"line":877,"column":64}},"467":{"start":{"line":878,"column":2},"end":{"line":880,"column":3}},"468":{"start":{"line":879,"column":4},"end":{"line":879,"column":41}},"469":{"start":{"line":882,"column":18},"end":{"line":882,"column":60}},"470":{"start":{"line":883,"column":2},"end":{"line":883,"column":47}},"471":{"start":{"line":883,"column":15},"end":{"line":883,"column":47}},"472":{"start":{"line":887,"column":17},"end":{"line":887,"column":59}},"473":{"start":{"line":888,"column":2},"end":{"line":890,"column":3}},"474":{"start":{"line":889,"column":4},"end":{"line":889,"column":11}},"475":{"start":{"line":892,"column":2},"end":{"line":894,"column":5}},"476":{"start":{"line":893,"column":4},"end":{"line":893,"column":33}},"477":{"start":{"line":896,"column":2},"end":{"line":898,"column":5}},"478":{"start":{"line":897,"column":4},"end":{"line":897,"column":33}},"479":{"start":{"line":900,"column":2},"end":{"line":902,"column":5}},"480":{"start":{"line":901,"column":4},"end":{"line":901,"column":34}},"481":{"start":{"line":904,"column":2},"end":{"line":906,"column":5}},"482":{"start":{"line":905,"column":4},"end":{"line":905,"column":34}},"483":{"start":{"line":911,"column":2},"end":{"line":911,"column":80}},"484":{"start":{"line":911,"column":36},"end":{"line":911,"column":80}},"485":{"start":{"line":912,"column":2},"end":{"line":912,"column":98}},"486":{"start":{"line":912,"column":42},"end":{"line":912,"column":98}},"487":{"start":{"line":913,"column":2},"end":{"line":913,"column":65}},"488":{"start":{"line":913,"column":31},"end":{"line":913,"column":65}},"489":{"start":{"line":914,"column":2},"end":{"line":914,"column":95}},"490":{"start":{"line":914,"column":41},"end":{"line":914,"column":95}},"491":{"start":{"line":915,"column":2},"end":{"line":915,"column":53}},"492":{"start":{"line":915,"column":27},"end":{"line":915,"column":53}},"493":{"start":{"line":916,"column":2},"end":{"line":916,"column":77}},"494":{"start":{"line":916,"column":35},"end":{"line":916,"column":77}},"495":{"start":{"line":917,"column":2},"end":{"line":917,"column":92}},"496":{"start":{"line":917,"column":40},"end":{"line":917,"column":92}},"497":{"start":{"line":919,"column":2},"end":{"line":921,"column":3}},"498":{"start":{"line":920,"column":4},"end":{"line":920,"column":50}},"499":{"start":{"line":925,"column":2},"end":{"line":934,"column":4}},"500":{"start":{"line":937,"column":0},"end":{"line":963,"column":1}},"501":{"start":{"line":938,"column":2},"end":{"line":962,"column":4}}},"fnMap":{"0":{"name":"updateGardenTitle","decl":{"start":{"line":15,"column":9},"end":{"line":15,"column":26}},"loc":{"start":{"line":15,"column":34},"end":{"line":20,"column":1}},"line":15},"1":{"name":"updateCurrentProfileText","decl":{"start":{"line":22,"column":9},"end":{"line":22,"column":33}},"loc":{"start":{"line":22,"column":36},"end":{"line":34,"column":1}},"line":22},"2":{"name":"getMyGarden","decl":{"start":{"line":36,"column":9},"end":{"line":36,"column":20}},"loc":{"start":{"line":36,"column":23},"end":{"line":38,"column":1}},"line":36},"3":{"name":"getCurrentViewedUserId","decl":{"start":{"line":40,"column":9},"end":{"line":40,"column":31}},"loc":{"start":{"line":40,"column":34},"end":{"line":42,"column":1}},"line":40},"4":{"name":"applyViewedGardenData","decl":{"start":{"line":44,"column":9},"end":{"line":44,"column":30}},"loc":{"start":{"line":44,"column":43},"end":{"line":61,"column":1}},"line":44},"5":{"name":"(anonymous_5)","decl":{"start":{"line":55,"column":27},"end":{"line":55,"column":28}},"loc":{"start":{"line":55,"column":39},"end":{"line":55,"column":69}},"line":55},"6":{"name":"applyMyGardenData","decl":{"start":{"line":63,"column":9},"end":{"line":63,"column":26}},"loc":{"start":{"line":63,"column":39},"end":{"line":65,"column":1}},"line":63},"7":{"name":"updateFriendInfo","decl":{"start":{"line":67,"column":9},"end":{"line":67,"column":25}},"loc":{"start":{"line":67,"column":28},"end":{"line":102,"column":1}},"line":67},"8":{"name":"renderVisitRecords","decl":{"start":{"line":104,"column":9},"end":{"line":104,"column":27}},"loc":{"start":{"line":104,"column":30},"end":{"line":129,"column":1}},"line":104},"9":{"name":"(anonymous_9)","decl":{"start":{"line":118,"column":18},"end":{"line":118,"column":19}},"loc":{"start":{"line":118,"column":30},"end":{"line":128,"column":3}},"line":118},"10":{"name":"renderHostVisitors","decl":{"start":{"line":131,"column":9},"end":{"line":131,"column":27}},"loc":{"start":{"line":131,"column":44},"end":{"line":153,"column":1}},"line":131},"11":{"name":"(anonymous_11)","decl":{"start":{"line":137,"column":54},"end":{"line":137,"column":55}},"loc":{"start":{"line":137,"column":64},"end":{"line":137,"column":77}},"line":137},"12":{"name":"(anonymous_12)","decl":{"start":{"line":143,"column":25},"end":{"line":143,"column":26}},"loc":{"start":{"line":143,"column":38},"end":{"line":152,"column":3}},"line":143},"13":{"name":"refreshMineOnly","decl":{"start":{"line":155,"column":15},"end":{"line":155,"column":30}},"loc":{"start":{"line":155,"column":33},"end":{"line":170,"column":1}},"line":155},"14":{"name":"refreshCurrentView","decl":{"start":{"line":172,"column":15},"end":{"line":172,"column":33}},"loc":{"start":{"line":172,"column":36},"end":{"line":227,"column":1}},"line":172},"15":{"name":"refreshSocialPanels","decl":{"start":{"line":229,"column":15},"end":{"line":229,"column":34}},"loc":{"start":{"line":229,"column":37},"end":{"line":245,"column":1}},"line":229},"16":{"name":"(anonymous_16)","decl":{"start":{"line":239,"column":37},"end":{"line":239,"column":38}},"loc":{"start":{"line":239,"column":49},"end":{"line":239,"column":85}},"line":239},"17":{"name":"startPolling","decl":{"start":{"line":247,"column":9},"end":{"line":247,"column":21}},"loc":{"start":{"line":247,"column":24},"end":{"line":258,"column":1}},"line":247},"18":{"name":"(anonymous_18)","decl":{"start":{"line":250,"column":26},"end":{"line":250,"column":27}},"loc":{"start":{"line":250,"column":38},"end":{"line":257,"column":3}},"line":250},"19":{"name":"stopPolling","decl":{"start":{"line":260,"column":9},"end":{"line":260,"column":20}},"loc":{"start":{"line":260,"column":23},"end":{"line":265,"column":1}},"line":260},"20":{"name":"submitMood","decl":{"start":{"line":267,"column":15},"end":{"line":267,"column":25}},"loc":{"start":{"line":267,"column":43},"end":{"line":295,"column":1}},"line":267},"21":{"name":"loadMyGarden","decl":{"start":{"line":297,"column":15},"end":{"line":297,"column":27}},"loc":{"start":{"line":297,"column":30},"end":{"line":317,"column":1}},"line":297},"22":{"name":"showMyGarden","decl":{"start":{"line":319,"column":15},"end":{"line":319,"column":27}},"loc":{"start":{"line":319,"column":30},"end":{"line":329,"column":1}},"line":319},"23":{"name":"openFriendGardenById","decl":{"start":{"line":331,"column":15},"end":{"line":331,"column":35}},"loc":{"start":{"line":331,"column":46},"end":{"line":370,"column":1}},"line":331},"24":{"name":"(anonymous_24)","decl":{"start":{"line":333,"column":30},"end":{"line":333,"column":31}},"loc":{"start":{"line":333,"column":40},"end":{"line":333,"column":60}},"line":333},"25":{"name":"addFriend","decl":{"start":{"line":372,"column":15},"end":{"line":372,"column":24}},"loc":{"start":{"line":372,"column":35},"end":{"line":391,"column":1}},"line":372},"26":{"name":"removeFriend","decl":{"start":{"line":393,"column":15},"end":{"line":393,"column":27}},"loc":{"start":{"line":393,"column":38},"end":{"line":412,"column":1}},"line":393},"27":{"name":"createNewUser","decl":{"start":{"line":414,"column":15},"end":{"line":414,"column":28}},"loc":{"start":{"line":414,"column":43},"end":{"line":433,"column":1}},"line":414},"28":{"name":"renderUserPicker","decl":{"start":{"line":435,"column":15},"end":{"line":435,"column":31}},"loc":{"start":{"line":435,"column":34},"end":{"line":487,"column":1}},"line":435},"29":{"name":"(anonymous_29)","decl":{"start":{"line":451,"column":18},"end":{"line":451,"column":19}},"loc":{"start":{"line":451,"column":28},"end":{"line":482,"column":5}},"line":451},"30":{"name":"(anonymous_30)","decl":{"start":{"line":454,"column":36},"end":{"line":454,"column":37}},"loc":{"start":{"line":454,"column":48},"end":{"line":479,"column":7}},"line":454},"31":{"name":"renderAddFriendOptions","decl":{"start":{"line":489,"column":15},"end":{"line":489,"column":37}},"loc":{"start":{"line":489,"column":40},"end":{"line":529,"column":1}},"line":489},"32":{"name":"(anonymous_32)","decl":{"start":{"line":504,"column":50},"end":{"line":504,"column":51}},"loc":{"start":{"line":504,"column":62},"end":{"line":504,"column":71}},"line":504},"33":{"name":"(anonymous_33)","decl":{"start":{"line":507,"column":14},"end":{"line":507,"column":15}},"loc":{"start":{"line":507,"column":24},"end":{"line":507,"column":54}},"line":507},"34":{"name":"(anonymous_34)","decl":{"start":{"line":508,"column":14},"end":{"line":508,"column":15}},"loc":{"start":{"line":508,"column":24},"end":{"line":508,"column":47}},"line":508},"35":{"name":"(anonymous_35)","decl":{"start":{"line":512,"column":23},"end":{"line":512,"column":24}},"loc":{"start":{"line":512,"column":33},"end":{"line":517,"column":5}},"line":512},"36":{"name":"(anonymous_36)","decl":{"start":{"line":519,"column":40},"end":{"line":519,"column":41}},"loc":{"start":{"line":519,"column":50},"end":{"line":519,"column":75}},"line":519},"37":{"name":"renderFriendsList","decl":{"start":{"line":531,"column":15},"end":{"line":531,"column":32}},"loc":{"start":{"line":531,"column":35},"end":{"line":605,"column":1}},"line":531},"38":{"name":"(anonymous_38)","decl":{"start":{"line":547,"column":20},"end":{"line":547,"column":21}},"loc":{"start":{"line":547,"column":32},"end":{"line":600,"column":5}},"line":547},"39":{"name":"(anonymous_39)","decl":{"start":{"line":566,"column":40},"end":{"line":566,"column":41}},"loc":{"start":{"line":566,"column":52},"end":{"line":572,"column":7}},"line":566},"40":{"name":"(anonymous_40)","decl":{"start":{"line":578,"column":42},"end":{"line":578,"column":43}},"loc":{"start":{"line":578,"column":54},"end":{"line":592,"column":7}},"line":578},"41":{"name":"setupSubmitButton","decl":{"start":{"line":607,"column":9},"end":{"line":607,"column":26}},"loc":{"start":{"line":607,"column":29},"end":{"line":636,"column":1}},"line":607},"42":{"name":"(anonymous_42)","decl":{"start":{"line":613,"column":38},"end":{"line":613,"column":39}},"loc":{"start":{"line":613,"column":50},"end":{"line":635,"column":3}},"line":613},"43":{"name":"setupVisitorChoices","decl":{"start":{"line":638,"column":9},"end":{"line":638,"column":28}},"loc":{"start":{"line":638,"column":31},"end":{"line":679,"column":1}},"line":638},"44":{"name":"(anonymous_44)","decl":{"start":{"line":642,"column":25},"end":{"line":642,"column":26}},"loc":{"start":{"line":642,"column":34},"end":{"line":668,"column":3}},"line":642},"45":{"name":"(anonymous_45)","decl":{"start":{"line":643,"column":34},"end":{"line":643,"column":35}},"loc":{"start":{"line":643,"column":46},"end":{"line":667,"column":5}},"line":643},"46":{"name":"(anonymous_46)","decl":{"start":{"line":648,"column":29},"end":{"line":648,"column":30}},"loc":{"start":{"line":648,"column":36},"end":{"line":648,"column":64}},"line":648},"47":{"name":"(anonymous_47)","decl":{"start":{"line":672,"column":6},"end":{"line":672,"column":7}},"loc":{"start":{"line":672,"column":15},"end":{"line":672,"column":42}},"line":672},"48":{"name":"setupGardenSwitchButtons","decl":{"start":{"line":681,"column":9},"end":{"line":681,"column":33}},"loc":{"start":{"line":681,"column":36},"end":{"line":693,"column":1}},"line":681},"49":{"name":"(anonymous_49)","decl":{"start":{"line":685,"column":46},"end":{"line":685,"column":47}},"loc":{"start":{"line":685,"column":58},"end":{"line":691,"column":5}},"line":685},"50":{"name":"setupCreateUserButton","decl":{"start":{"line":695,"column":9},"end":{"line":695,"column":30}},"loc":{"start":{"line":695,"column":33},"end":{"line":736,"column":1}},"line":695},"51":{"name":"(anonymous_51)","decl":{"start":{"line":701,"column":38},"end":{"line":701,"column":39}},"loc":{"start":{"line":701,"column":50},"end":{"line":735,"column":3}},"line":701},"52":{"name":"setupAddFriendButton","decl":{"start":{"line":738,"column":9},"end":{"line":738,"column":29}},"loc":{"start":{"line":738,"column":32},"end":{"line":762,"column":1}},"line":738},"53":{"name":"(anonymous_53)","decl":{"start":{"line":744,"column":35},"end":{"line":744,"column":36}},"loc":{"start":{"line":744,"column":47},"end":{"line":761,"column":3}},"line":744},"54":{"name":"setupBeforeUnload","decl":{"start":{"line":764,"column":9},"end":{"line":764,"column":26}},"loc":{"start":{"line":764,"column":29},"end":{"line":781,"column":1}},"line":764},"55":{"name":"(anonymous_55)","decl":{"start":{"line":765,"column":42},"end":{"line":765,"column":43}},"loc":{"start":{"line":765,"column":48},"end":{"line":780,"column":3}},"line":765},"56":{"name":"(anonymous_56)","decl":{"start":{"line":778,"column":15},"end":{"line":778,"column":16}},"loc":{"start":{"line":778,"column":21},"end":{"line":778,"column":23}},"line":778},"57":{"name":"init","decl":{"start":{"line":783,"column":15},"end":{"line":783,"column":19}},"loc":{"start":{"line":783,"column":22},"end":{"line":828,"column":1}},"line":783},"58":{"name":"showAuthMode","decl":{"start":{"line":834,"column":9},"end":{"line":834,"column":21}},"loc":{"start":{"line":834,"column":24},"end":{"line":856,"column":1}},"line":834},"59":{"name":"(anonymous_59)","decl":{"start":{"line":849,"column":12},"end":{"line":849,"column":13}},"loc":{"start":{"line":849,"column":20},"end":{"line":852,"column":3}},"line":849},"60":{"name":"showAppMode","decl":{"start":{"line":858,"column":9},"end":{"line":858,"column":20}},"loc":{"start":{"line":858,"column":23},"end":{"line":884,"column":1}},"line":858},"61":{"name":"(anonymous_61)","decl":{"start":{"line":872,"column":12},"end":{"line":872,"column":13}},"loc":{"start":{"line":872,"column":20},"end":{"line":875,"column":3}},"line":872},"62":{"name":"setupAddFriendSelectLock","decl":{"start":{"line":886,"column":9},"end":{"line":886,"column":33}},"loc":{"start":{"line":886,"column":36},"end":{"line":907,"column":1}},"line":886},"63":{"name":"(anonymous_63)","decl":{"start":{"line":892,"column":35},"end":{"line":892,"column":36}},"loc":{"start":{"line":892,"column":41},"end":{"line":894,"column":3}},"line":892},"64":{"name":"(anonymous_64)","decl":{"start":{"line":896,"column":39},"end":{"line":896,"column":40}},"loc":{"start":{"line":896,"column":45},"end":{"line":898,"column":3}},"line":896},"65":{"name":"(anonymous_65)","decl":{"start":{"line":900,"column":36},"end":{"line":900,"column":37}},"loc":{"start":{"line":900,"column":42},"end":{"line":902,"column":3}},"line":900},"66":{"name":"(anonymous_66)","decl":{"start":{"line":904,"column":34},"end":{"line":904,"column":35}},"loc":{"start":{"line":904,"column":40},"end":{"line":906,"column":3}},"line":904},"67":{"name":"__setMainTestState","decl":{"start":{"line":910,"column":9},"end":{"line":910,"column":27}},"loc":{"start":{"line":910,"column":35},"end":{"line":922,"column":1}},"line":910},"68":{"name":"__getMainTestState","decl":{"start":{"line":924,"column":9},"end":{"line":924,"column":27}},"loc":{"start":{"line":924,"column":30},"end":{"line":935,"column":1}},"line":924}},"branchMap":{"0":{"loc":{"start":{"line":17,"column":2},"end":{"line":19,"column":3}},"type":"if","locations":[{"start":{"line":17,"column":2},"end":{"line":19,"column":3}},{"start":{},"end":{}}],"line":17},"1":{"loc":{"start":{"line":24,"column":2},"end":{"line":26,"column":3}},"type":"if","locations":[{"start":{"line":24,"column":2},"end":{"line":26,"column":3}},{"start":{},"end":{}}],"line":24},"2":{"loc":{"start":{"line":28,"column":2},"end":{"line":31,"column":3}},"type":"if","locations":[{"start":{"line":28,"column":2},"end":{"line":31,"column":3}},{"start":{},"end":{}}],"line":28},"3":{"loc":{"start":{"line":37,"column":9},"end":{"line":37,"column":49}},"type":"cond-expr","locations":[{"start":{"line":37,"column":24},"end":{"line":37,"column":44}},{"start":{"line":37,"column":47},"end":{"line":37,"column":49}}],"line":37},"4":{"loc":{"start":{"line":41,"column":9},"end":{"line":41,"column":76}},"type":"cond-expr","locations":[{"start":{"line":41,"column":33},"end":{"line":41,"column":55}},{"start":{"line":41,"column":58},"end":{"line":41,"column":76}}],"line":41},"5":{"loc":{"start":{"line":46,"column":22},"end":{"line":46,"column":64}},"type":"cond-expr","locations":[{"start":{"line":46,"column":35},"end":{"line":46,"column":59}},{"start":{"line":46,"column":62},"end":{"line":46,"column":64}}],"line":46},"6":{"loc":{"start":{"line":46,"column":35},"end":{"line":46,"column":59}},"type":"binary-expr","locations":[{"start":{"line":46,"column":35},"end":{"line":46,"column":53}},{"start":{"line":46,"column":57},"end":{"line":46,"column":59}}],"line":46},"7":{"loc":{"start":{"line":48,"column":2},"end":{"line":51,"column":3}},"type":"if","locations":[{"start":{"line":48,"column":2},"end":{"line":51,"column":3}},{"start":{},"end":{}}],"line":48},"8":{"loc":{"start":{"line":53,"column":2},"end":{"line":58,"column":3}},"type":"if","locations":[{"start":{"line":53,"column":2},"end":{"line":58,"column":3}},{"start":{},"end":{}}],"line":53},"9":{"loc":{"start":{"line":54,"column":4},"end":{"line":55,"column":70}},"type":"binary-expr","locations":[{"start":{"line":54,"column":4},"end":{"line":54,"column":29}},{"start":{"line":55,"column":4},"end":{"line":55,"column":70}}],"line":54},"10":{"loc":{"start":{"line":72,"column":2},"end":{"line":77,"column":3}},"type":"if","locations":[{"start":{"line":72,"column":2},"end":{"line":77,"column":3}},{"start":{},"end":{}}],"line":72},"11":{"loc":{"start":{"line":73,"column":4},"end":{"line":75,"column":5}},"type":"if","locations":[{"start":{"line":73,"column":4},"end":{"line":75,"column":5}},{"start":{},"end":{}}],"line":73},"12":{"loc":{"start":{"line":79,"column":2},"end":{"line":81,"column":3}},"type":"if","locations":[{"start":{"line":79,"column":2},"end":{"line":81,"column":3}},{"start":{},"end":{}}],"line":79},"13":{"loc":{"start":{"line":83,"column":2},"end":{"line":91,"column":3}},"type":"if","locations":[{"start":{"line":83,"column":2},"end":{"line":91,"column":3}},{"start":{},"end":{}}],"line":83},"14":{"loc":{"start":{"line":83,"column":6},"end":{"line":83,"column":58}},"type":"binary-expr","locations":[{"start":{"line":83,"column":6},"end":{"line":83,"column":24}},{"start":{"line":83,"column":28},"end":{"line":83,"column":58}}],"line":83},"15":{"loc":{"start":{"line":84,"column":4},"end":{"line":86,"column":5}},"type":"if","locations":[{"start":{"line":84,"column":4},"end":{"line":86,"column":5}},{"start":{},"end":{}}],"line":84},"16":{"loc":{"start":{"line":87,"column":4},"end":{"line":89,"column":5}},"type":"if","locations":[{"start":{"line":87,"column":4},"end":{"line":89,"column":5}},{"start":{},"end":{}}],"line":87},"17":{"loc":{"start":{"line":95,"column":2},"end":{"line":97,"column":3}},"type":"if","locations":[{"start":{"line":95,"column":2},"end":{"line":97,"column":3}},{"start":{},"end":{}}],"line":95},"18":{"loc":{"start":{"line":99,"column":2},"end":{"line":101,"column":3}},"type":"if","locations":[{"start":{"line":99,"column":2},"end":{"line":101,"column":3}},{"start":{},"end":{}}],"line":99},"19":{"loc":{"start":{"line":106,"column":2},"end":{"line":108,"column":3}},"type":"if","locations":[{"start":{"line":106,"column":2},"end":{"line":108,"column":3}},{"start":{},"end":{}}],"line":106},"20":{"loc":{"start":{"line":110,"column":18},"end":{"line":110,"column":69}},"type":"cond-expr","locations":[{"start":{"line":110,"column":33},"end":{"line":110,"column":64}},{"start":{"line":110,"column":67},"end":{"line":110,"column":69}}],"line":110},"21":{"loc":{"start":{"line":110,"column":33},"end":{"line":110,"column":64}},"type":"binary-expr","locations":[{"start":{"line":110,"column":33},"end":{"line":110,"column":58}},{"start":{"line":110,"column":62},"end":{"line":110,"column":64}}],"line":110},"22":{"loc":{"start":{"line":113,"column":2},"end":{"line":116,"column":3}},"type":"if","locations":[{"start":{"line":113,"column":2},"end":{"line":116,"column":3}},{"start":{},"end":{}}],"line":113},"23":{"loc":{"start":{"line":133,"column":2},"end":{"line":135,"column":3}},"type":"if","locations":[{"start":{"line":133,"column":2},"end":{"line":135,"column":3}},{"start":{},"end":{}}],"line":133},"24":{"loc":{"start":{"line":139,"column":2},"end":{"line":141,"column":3}},"type":"if","locations":[{"start":{"line":139,"column":2},"end":{"line":141,"column":3}},{"start":{},"end":{}}],"line":139},"25":{"loc":{"start":{"line":139,"column":6},"end":{"line":139,"column":59}},"type":"binary-expr","locations":[{"start":{"line":139,"column":6},"end":{"line":139,"column":25}},{"start":{"line":139,"column":29},"end":{"line":139,"column":59}}],"line":139},"26":{"loc":{"start":{"line":146,"column":21},"end":{"line":146,"column":43}},"type":"binary-expr","locations":[{"start":{"line":146,"column":21},"end":{"line":146,"column":35}},{"start":{"line":146,"column":39},"end":{"line":146,"column":43}}],"line":146},"27":{"loc":{"start":{"line":147,"column":23},"end":{"line":147,"column":68}},"type":"cond-expr","locations":[{"start":{"line":147,"column":55},"end":{"line":147,"column":64}},{"start":{"line":147,"column":67},"end":{"line":147,"column":68}}],"line":147},"28":{"loc":{"start":{"line":148,"column":22},"end":{"line":148,"column":67}},"type":"cond-expr","locations":[{"start":{"line":148,"column":54},"end":{"line":148,"column":63}},{"start":{"line":148,"column":66},"end":{"line":148,"column":67}}],"line":148},"29":{"loc":{"start":{"line":149,"column":15},"end":{"line":149,"column":40}},"type":"binary-expr","locations":[{"start":{"line":149,"column":15},"end":{"line":149,"column":27}},{"start":{"line":149,"column":31},"end":{"line":149,"column":40}}],"line":149},"30":{"loc":{"start":{"line":162,"column":20},"end":{"line":162,"column":62}},"type":"cond-expr","locations":[{"start":{"line":162,"column":25},"end":{"line":162,"column":46}},{"start":{"line":162,"column":49},"end":{"line":162,"column":62}}],"line":162},"31":{"loc":{"start":{"line":168,"column":21},"end":{"line":168,"column":52}},"type":"binary-expr","locations":[{"start":{"line":168,"column":21},"end":{"line":168,"column":46}},{"start":{"line":168,"column":50},"end":{"line":168,"column":52}}],"line":168},"32":{"loc":{"start":{"line":175,"column":2},"end":{"line":177,"column":3}},"type":"if","locations":[{"start":{"line":175,"column":2},"end":{"line":177,"column":3}},{"start":{},"end":{}}],"line":175},"33":{"loc":{"start":{"line":181,"column":2},"end":{"line":183,"column":3}},"type":"if","locations":[{"start":{"line":181,"column":2},"end":{"line":183,"column":3}},{"start":{},"end":{}}],"line":181},"34":{"loc":{"start":{"line":189,"column":2},"end":{"line":193,"column":3}},"type":"if","locations":[{"start":{"line":189,"column":2},"end":{"line":193,"column":3}},{"start":{"line":191,"column":9},"end":{"line":193,"column":3}}],"line":189},"35":{"loc":{"start":{"line":195,"column":2},"end":{"line":200,"column":3}},"type":"if","locations":[{"start":{"line":195,"column":2},"end":{"line":200,"column":3}},{"start":{"line":198,"column":9},"end":{"line":200,"column":3}}],"line":195},"36":{"loc":{"start":{"line":197,"column":22},"end":{"line":197,"column":64}},"type":"cond-expr","locations":[{"start":{"line":197,"column":27},"end":{"line":197,"column":48}},{"start":{"line":197,"column":51},"end":{"line":197,"column":64}}],"line":197},"37":{"loc":{"start":{"line":198,"column":9},"end":{"line":200,"column":3}},"type":"if","locations":[{"start":{"line":198,"column":9},"end":{"line":200,"column":3}},{"start":{},"end":{}}],"line":198},"38":{"loc":{"start":{"line":198,"column":13},"end":{"line":198,"column":47}},"type":"binary-expr","locations":[{"start":{"line":198,"column":13},"end":{"line":198,"column":25}},{"start":{"line":198,"column":29},"end":{"line":198,"column":47}}],"line":198},"39":{"loc":{"start":{"line":207,"column":2},"end":{"line":218,"column":3}},"type":"if","locations":[{"start":{"line":207,"column":2},"end":{"line":218,"column":3}},{"start":{},"end":{}}],"line":207},"40":{"loc":{"start":{"line":208,"column":4},"end":{"line":213,"column":5}},"type":"if","locations":[{"start":{"line":208,"column":4},"end":{"line":213,"column":5}},{"start":{},"end":{}}],"line":208},"41":{"loc":{"start":{"line":208,"column":8},"end":{"line":208,"column":61}},"type":"binary-expr","locations":[{"start":{"line":208,"column":8},"end":{"line":208,"column":49}},{"start":{"line":208,"column":53},"end":{"line":208,"column":61}}],"line":208},"42":{"loc":{"start":{"line":210,"column":6},"end":{"line":212,"column":7}},"type":"if","locations":[{"start":{"line":210,"column":6},"end":{"line":212,"column":7}},{"start":{},"end":{}}],"line":210},"43":{"loc":{"start":{"line":210,"column":10},"end":{"line":210,"column":56}},"type":"binary-expr","locations":[{"start":{"line":210,"column":10},"end":{"line":210,"column":19}},{"start":{"line":210,"column":23},"end":{"line":210,"column":56}}],"line":210},"44":{"loc":{"start":{"line":215,"column":4},"end":{"line":217,"column":5}},"type":"if","locations":[{"start":{"line":215,"column":4},"end":{"line":217,"column":5}},{"start":{},"end":{}}],"line":215},"45":{"loc":{"start":{"line":221,"column":4},"end":{"line":223,"column":59}},"type":"cond-expr","locations":[{"start":{"line":222,"column":8},"end":{"line":222,"column":41}},{"start":{"line":223,"column":8},"end":{"line":223,"column":59}}],"line":221},"46":{"loc":{"start":{"line":222,"column":8},"end":{"line":222,"column":41}},"type":"binary-expr","locations":[{"start":{"line":222,"column":8},"end":{"line":222,"column":35}},{"start":{"line":222,"column":39},"end":{"line":222,"column":41}}],"line":222},"47":{"loc":{"start":{"line":223,"column":8},"end":{"line":223,"column":59}},"type":"binary-expr","locations":[{"start":{"line":223,"column":9},"end":{"line":223,"column":21}},{"start":{"line":223,"column":25},"end":{"line":223,"column":52}},{"start":{"line":223,"column":57},"end":{"line":223,"column":59}}],"line":223},"48":{"loc":{"start":{"line":230,"column":2},"end":{"line":232,"column":3}},"type":"if","locations":[{"start":{"line":230,"column":2},"end":{"line":232,"column":3}},{"start":{},"end":{}}],"line":230},"49":{"loc":{"start":{"line":237,"column":2},"end":{"line":244,"column":3}},"type":"if","locations":[{"start":{"line":237,"column":2},"end":{"line":244,"column":3}},{"start":{},"end":{}}],"line":237},"50":{"loc":{"start":{"line":237,"column":6},"end":{"line":237,"column":53}},"type":"binary-expr","locations":[{"start":{"line":237,"column":6},"end":{"line":237,"column":27}},{"start":{"line":237,"column":31},"end":{"line":237,"column":53}}],"line":237},"51":{"loc":{"start":{"line":241,"column":4},"end":{"line":243,"column":5}},"type":"if","locations":[{"start":{"line":241,"column":4},"end":{"line":243,"column":5}},{"start":{},"end":{}}],"line":241},"52":{"loc":{"start":{"line":261,"column":2},"end":{"line":264,"column":3}},"type":"if","locations":[{"start":{"line":261,"column":2},"end":{"line":264,"column":3}},{"start":{},"end":{}}],"line":261},"53":{"loc":{"start":{"line":275,"column":2},"end":{"line":278,"column":3}},"type":"if","locations":[{"start":{"line":275,"column":2},"end":{"line":278,"column":3}},{"start":{},"end":{}}],"line":275},"54":{"loc":{"start":{"line":288,"column":2},"end":{"line":290,"column":3}},"type":"if","locations":[{"start":{"line":288,"column":2},"end":{"line":290,"column":3}},{"start":{},"end":{}}],"line":288},"55":{"loc":{"start":{"line":292,"column":2},"end":{"line":294,"column":3}},"type":"if","locations":[{"start":{"line":292,"column":2},"end":{"line":294,"column":3}},{"start":{},"end":{}}],"line":292},"56":{"loc":{"start":{"line":304,"column":2},"end":{"line":306,"column":3}},"type":"if","locations":[{"start":{"line":304,"column":2},"end":{"line":306,"column":3}},{"start":{},"end":{}}],"line":304},"57":{"loc":{"start":{"line":308,"column":2},"end":{"line":311,"column":3}},"type":"if","locations":[{"start":{"line":308,"column":2},"end":{"line":311,"column":3}},{"start":{},"end":{}}],"line":308},"58":{"loc":{"start":{"line":320,"column":2},"end":{"line":326,"column":3}},"type":"if","locations":[{"start":{"line":320,"column":2},"end":{"line":326,"column":3}},{"start":{},"end":{}}],"line":320},"59":{"loc":{"start":{"line":320,"column":6},"end":{"line":320,"column":53}},"type":"binary-expr","locations":[{"start":{"line":320,"column":6},"end":{"line":320,"column":27}},{"start":{"line":320,"column":31},"end":{"line":320,"column":53}}],"line":320},"60":{"loc":{"start":{"line":335,"column":2},"end":{"line":337,"column":3}},"type":"if","locations":[{"start":{"line":335,"column":2},"end":{"line":337,"column":3}},{"start":{},"end":{}}],"line":335},"61":{"loc":{"start":{"line":339,"column":2},"end":{"line":345,"column":3}},"type":"if","locations":[{"start":{"line":339,"column":2},"end":{"line":345,"column":3}},{"start":{},"end":{}}],"line":339},"62":{"loc":{"start":{"line":339,"column":6},"end":{"line":339,"column":92}},"type":"binary-expr","locations":[{"start":{"line":339,"column":6},"end":{"line":339,"column":27}},{"start":{"line":339,"column":31},"end":{"line":339,"column":53}},{"start":{"line":339,"column":57},"end":{"line":339,"column":92}}],"line":339},"63":{"loc":{"start":{"line":355,"column":2},"end":{"line":357,"column":3}},"type":"if","locations":[{"start":{"line":355,"column":2},"end":{"line":357,"column":3}},{"start":{},"end":{}}],"line":355},"64":{"loc":{"start":{"line":366,"column":2},"end":{"line":369,"column":3}},"type":"if","locations":[{"start":{"line":366,"column":2},"end":{"line":369,"column":3}},{"start":{},"end":{}}],"line":366},"65":{"loc":{"start":{"line":386,"column":2},"end":{"line":388,"column":3}},"type":"if","locations":[{"start":{"line":386,"column":2},"end":{"line":388,"column":3}},{"start":{},"end":{}}],"line":386},"66":{"loc":{"start":{"line":387,"column":20},"end":{"line":387,"column":56}},"type":"binary-expr","locations":[{"start":{"line":387,"column":20},"end":{"line":387,"column":30}},{"start":{"line":387,"column":34},"end":{"line":387,"column":56}}],"line":387},"67":{"loc":{"start":{"line":407,"column":2},"end":{"line":409,"column":3}},"type":"if","locations":[{"start":{"line":407,"column":2},"end":{"line":409,"column":3}},{"start":{},"end":{}}],"line":407},"68":{"loc":{"start":{"line":408,"column":20},"end":{"line":408,"column":59}},"type":"binary-expr","locations":[{"start":{"line":408,"column":20},"end":{"line":408,"column":30}},{"start":{"line":408,"column":34},"end":{"line":408,"column":59}}],"line":408},"69":{"loc":{"start":{"line":428,"column":2},"end":{"line":430,"column":3}},"type":"if","locations":[{"start":{"line":428,"column":2},"end":{"line":430,"column":3}},{"start":{},"end":{}}],"line":428},"70":{"loc":{"start":{"line":429,"column":20},"end":{"line":429,"column":57}},"type":"binary-expr","locations":[{"start":{"line":429,"column":20},"end":{"line":429,"column":30}},{"start":{"line":429,"column":34},"end":{"line":429,"column":57}}],"line":429},"71":{"loc":{"start":{"line":437,"column":2},"end":{"line":439,"column":3}},"type":"if","locations":[{"start":{"line":437,"column":2},"end":{"line":439,"column":3}},{"start":{},"end":{}}],"line":437},"72":{"loc":{"start":{"line":446,"column":4},"end":{"line":449,"column":5}},"type":"if","locations":[{"start":{"line":446,"column":4},"end":{"line":449,"column":5}},{"start":{},"end":{}}],"line":446},"73":{"loc":{"start":{"line":446,"column":8},"end":{"line":446,"column":36}},"type":"binary-expr","locations":[{"start":{"line":446,"column":8},"end":{"line":446,"column":14}},{"start":{"line":446,"column":18},"end":{"line":446,"column":36}}],"line":446},"74":{"loc":{"start":{"line":456,"column":10},"end":{"line":462,"column":11}},"type":"if","locations":[{"start":{"line":456,"column":10},"end":{"line":462,"column":11}},{"start":{},"end":{}}],"line":456},"75":{"loc":{"start":{"line":456,"column":14},"end":{"line":456,"column":61}},"type":"binary-expr","locations":[{"start":{"line":456,"column":14},"end":{"line":456,"column":35}},{"start":{"line":456,"column":39},"end":{"line":456,"column":61}}],"line":456},"76":{"loc":{"start":{"line":491,"column":2},"end":{"line":493,"column":3}},"type":"if","locations":[{"start":{"line":491,"column":2},"end":{"line":493,"column":3}},{"start":{},"end":{}}],"line":491},"77":{"loc":{"start":{"line":495,"column":2},"end":{"line":497,"column":3}},"type":"if","locations":[{"start":{"line":495,"column":2},"end":{"line":497,"column":3}},{"start":{},"end":{}}],"line":495},"78":{"loc":{"start":{"line":504,"column":31},"end":{"line":504,"column":44}},"type":"binary-expr","locations":[{"start":{"line":504,"column":31},"end":{"line":504,"column":38}},{"start":{"line":504,"column":42},"end":{"line":504,"column":44}}],"line":504},"79":{"loc":{"start":{"line":520,"column":4},"end":{"line":524,"column":5}},"type":"if","locations":[{"start":{"line":520,"column":4},"end":{"line":524,"column":5}},{"start":{"line":522,"column":11},"end":{"line":524,"column":5}}],"line":520},"80":{"loc":{"start":{"line":533,"column":2},"end":{"line":535,"column":3}},"type":"if","locations":[{"start":{"line":533,"column":2},"end":{"line":535,"column":3}},{"start":{},"end":{}}],"line":533},"81":{"loc":{"start":{"line":542,"column":4},"end":{"line":545,"column":5}},"type":"if","locations":[{"start":{"line":542,"column":4},"end":{"line":545,"column":5}},{"start":{},"end":{}}],"line":542},"82":{"loc":{"start":{"line":542,"column":8},"end":{"line":542,"column":40}},"type":"binary-expr","locations":[{"start":{"line":542,"column":8},"end":{"line":542,"column":16}},{"start":{"line":542,"column":20},"end":{"line":542,"column":40}}],"line":542},"83":{"loc":{"start":{"line":582,"column":10},"end":{"line":584,"column":11}},"type":"if","locations":[{"start":{"line":582,"column":10},"end":{"line":584,"column":11}},{"start":{},"end":{}}],"line":582},"84":{"loc":{"start":{"line":582,"column":14},"end":{"line":582,"column":75}},"type":"binary-expr","locations":[{"start":{"line":582,"column":14},"end":{"line":582,"column":35}},{"start":{"line":582,"column":39},"end":{"line":582,"column":75}}],"line":582},"85":{"loc":{"start":{"line":609,"column":2},"end":{"line":611,"column":3}},"type":"if","locations":[{"start":{"line":609,"column":2},"end":{"line":611,"column":3}},{"start":{},"end":{}}],"line":609},"86":{"loc":{"start":{"line":618,"column":24},"end":{"line":618,"column":65}},"type":"cond-expr","locations":[{"start":{"line":618,"column":37},"end":{"line":618,"column":60}},{"start":{"line":618,"column":63},"end":{"line":618,"column":65}}],"line":618},"87":{"loc":{"start":{"line":619,"column":17},"end":{"line":619,"column":51}},"type":"cond-expr","locations":[{"start":{"line":619,"column":30},"end":{"line":619,"column":46}},{"start":{"line":619,"column":49},"end":{"line":619,"column":51}}],"line":619},"88":{"loc":{"start":{"line":621,"column":6},"end":{"line":623,"column":7}},"type":"if","locations":[{"start":{"line":621,"column":6},"end":{"line":623,"column":7}},{"start":{},"end":{}}],"line":621},"89":{"loc":{"start":{"line":621,"column":10},"end":{"line":621,"column":28}},"type":"binary-expr","locations":[{"start":{"line":621,"column":10},"end":{"line":621,"column":15}},{"start":{"line":621,"column":19},"end":{"line":621,"column":28}}],"line":621},"90":{"loc":{"start":{"line":625,"column":6},"end":{"line":628,"column":7}},"type":"if","locations":[{"start":{"line":625,"column":6},"end":{"line":628,"column":7}},{"start":{},"end":{}}],"line":625},"91":{"loc":{"start":{"line":651,"column":6},"end":{"line":653,"column":7}},"type":"if","locations":[{"start":{"line":651,"column":6},"end":{"line":653,"column":7}},{"start":{},"end":{}}],"line":651},"92":{"loc":{"start":{"line":655,"column":6},"end":{"line":666,"column":7}},"type":"if","locations":[{"start":{"line":655,"column":6},"end":{"line":666,"column":7}},{"start":{},"end":{}}],"line":655},"93":{"loc":{"start":{"line":655,"column":10},"end":{"line":655,"column":57}},"type":"binary-expr","locations":[{"start":{"line":655,"column":10},"end":{"line":655,"column":31}},{"start":{"line":655,"column":35},"end":{"line":655,"column":57}}],"line":655},"94":{"loc":{"start":{"line":662,"column":8},"end":{"line":665,"column":9}},"type":"if","locations":[{"start":{"line":662,"column":8},"end":{"line":665,"column":9}},{"start":{},"end":{}}],"line":662},"95":{"loc":{"start":{"line":670,"column":2},"end":{"line":678,"column":3}},"type":"if","locations":[{"start":{"line":670,"column":2},"end":{"line":678,"column":3}},{"start":{},"end":{}}],"line":670},"96":{"loc":{"start":{"line":675,"column":4},"end":{"line":677,"column":5}},"type":"if","locations":[{"start":{"line":675,"column":4},"end":{"line":677,"column":5}},{"start":{},"end":{}}],"line":675},"97":{"loc":{"start":{"line":684,"column":2},"end":{"line":692,"column":3}},"type":"if","locations":[{"start":{"line":684,"column":2},"end":{"line":692,"column":3}},{"start":{},"end":{}}],"line":684},"98":{"loc":{"start":{"line":697,"column":2},"end":{"line":699,"column":3}},"type":"if","locations":[{"start":{"line":697,"column":2},"end":{"line":699,"column":3}},{"start":{},"end":{}}],"line":697},"99":{"loc":{"start":{"line":705,"column":17},"end":{"line":705,"column":56}},"type":"cond-expr","locations":[{"start":{"line":705,"column":29},"end":{"line":705,"column":51}},{"start":{"line":705,"column":54},"end":{"line":705,"column":56}}],"line":705},"100":{"loc":{"start":{"line":706,"column":19},"end":{"line":706,"column":59}},"type":"cond-expr","locations":[{"start":{"line":706,"column":34},"end":{"line":706,"column":52}},{"start":{"line":706,"column":55},"end":{"line":706,"column":59}}],"line":706},"101":{"loc":{"start":{"line":708,"column":4},"end":{"line":711,"column":5}},"type":"if","locations":[{"start":{"line":708,"column":4},"end":{"line":711,"column":5}},{"start":{},"end":{}}],"line":708},"102":{"loc":{"start":{"line":720,"column":6},"end":{"line":722,"column":7}},"type":"if","locations":[{"start":{"line":720,"column":6},"end":{"line":722,"column":7}},{"start":{},"end":{}}],"line":720},"103":{"loc":{"start":{"line":733,"column":12},"end":{"line":733,"column":50}},"type":"binary-expr","locations":[{"start":{"line":733,"column":12},"end":{"line":733,"column":23}},{"start":{"line":733,"column":27},"end":{"line":733,"column":50}}],"line":733},"104":{"loc":{"start":{"line":740,"column":2},"end":{"line":742,"column":3}},"type":"if","locations":[{"start":{"line":740,"column":2},"end":{"line":742,"column":3}},{"start":{},"end":{}}],"line":740},"105":{"loc":{"start":{"line":746,"column":21},"end":{"line":746,"column":47}},"type":"cond-expr","locations":[{"start":{"line":746,"column":30},"end":{"line":746,"column":42}},{"start":{"line":746,"column":45},"end":{"line":746,"column":47}}],"line":746},"106":{"loc":{"start":{"line":748,"column":4},"end":{"line":751,"column":5}},"type":"if","locations":[{"start":{"line":748,"column":4},"end":{"line":751,"column":5}},{"start":{},"end":{}}],"line":748},"107":{"loc":{"start":{"line":759,"column":12},"end":{"line":759,"column":49}},"type":"binary-expr","locations":[{"start":{"line":759,"column":12},"end":{"line":759,"column":23}},{"start":{"line":759,"column":27},"end":{"line":759,"column":49}}],"line":759},"108":{"loc":{"start":{"line":766,"column":4},"end":{"line":779,"column":5}},"type":"if","locations":[{"start":{"line":766,"column":4},"end":{"line":779,"column":5}},{"start":{},"end":{}}],"line":766},"109":{"loc":{"start":{"line":766,"column":8},"end":{"line":766,"column":55}},"type":"binary-expr","locations":[{"start":{"line":766,"column":8},"end":{"line":766,"column":29}},{"start":{"line":766,"column":33},"end":{"line":766,"column":55}}],"line":766},"110":{"loc":{"start":{"line":793,"column":4},"end":{"line":795,"column":5}},"type":"if","locations":[{"start":{"line":793,"column":4},"end":{"line":795,"column":5}},{"start":{},"end":{}}],"line":793},"111":{"loc":{"start":{"line":797,"column":4},"end":{"line":799,"column":5}},"type":"if","locations":[{"start":{"line":797,"column":4},"end":{"line":799,"column":5}},{"start":{},"end":{}}],"line":797},"112":{"loc":{"start":{"line":803,"column":4},"end":{"line":806,"column":5}},"type":"if","locations":[{"start":{"line":803,"column":4},"end":{"line":806,"column":5}},{"start":{},"end":{}}],"line":803},"113":{"loc":{"start":{"line":830,"column":0},"end":{"line":832,"column":1}},"type":"if","locations":[{"start":{"line":830,"column":0},"end":{"line":832,"column":1}},{"start":{},"end":{}}],"line":830},"114":{"loc":{"start":{"line":838,"column":2},"end":{"line":838,"column":55}},"type":"if","locations":[{"start":{"line":838,"column":2},"end":{"line":838,"column":55}},{"start":{},"end":{}}],"line":838},"115":{"loc":{"start":{"line":839,"column":2},"end":{"line":839,"column":52}},"type":"if","locations":[{"start":{"line":839,"column":2},"end":{"line":839,"column":52}},{"start":{},"end":{}}],"line":839},"116":{"loc":{"start":{"line":851,"column":4},"end":{"line":851,"column":38}},"type":"if","locations":[{"start":{"line":851,"column":4},"end":{"line":851,"column":38}},{"start":{},"end":{}}],"line":851},"117":{"loc":{"start":{"line":855,"column":2},"end":{"line":855,"column":46}},"type":"if","locations":[{"start":{"line":855,"column":2},"end":{"line":855,"column":46}},{"start":{},"end":{}}],"line":855},"118":{"loc":{"start":{"line":862,"column":2},"end":{"line":862,"column":54}},"type":"if","locations":[{"start":{"line":862,"column":2},"end":{"line":862,"column":54}},{"start":{},"end":{}}],"line":862},"119":{"loc":{"start":{"line":863,"column":2},"end":{"line":863,"column":53}},"type":"if","locations":[{"start":{"line":863,"column":2},"end":{"line":863,"column":53}},{"start":{},"end":{}}],"line":863},"120":{"loc":{"start":{"line":874,"column":4},"end":{"line":874,"column":39}},"type":"if","locations":[{"start":{"line":874,"column":4},"end":{"line":874,"column":39}},{"start":{},"end":{}}],"line":874},"121":{"loc":{"start":{"line":878,"column":2},"end":{"line":880,"column":3}},"type":"if","locations":[{"start":{"line":878,"column":2},"end":{"line":880,"column":3}},{"start":{},"end":{}}],"line":878},"122":{"loc":{"start":{"line":883,"column":2},"end":{"line":883,"column":47}},"type":"if","locations":[{"start":{"line":883,"column":2},"end":{"line":883,"column":47}},{"start":{},"end":{}}],"line":883},"123":{"loc":{"start":{"line":888,"column":2},"end":{"line":890,"column":3}},"type":"if","locations":[{"start":{"line":888,"column":2},"end":{"line":890,"column":3}},{"start":{},"end":{}}],"line":888},"124":{"loc":{"start":{"line":911,"column":2},"end":{"line":911,"column":80}},"type":"if","locations":[{"start":{"line":911,"column":2},"end":{"line":911,"column":80}},{"start":{},"end":{}}],"line":911},"125":{"loc":{"start":{"line":912,"column":2},"end":{"line":912,"column":98}},"type":"if","locations":[{"start":{"line":912,"column":2},"end":{"line":912,"column":98}},{"start":{},"end":{}}],"line":912},"126":{"loc":{"start":{"line":913,"column":2},"end":{"line":913,"column":65}},"type":"if","locations":[{"start":{"line":913,"column":2},"end":{"line":913,"column":65}},{"start":{},"end":{}}],"line":913},"127":{"loc":{"start":{"line":914,"column":2},"end":{"line":914,"column":95}},"type":"if","locations":[{"start":{"line":914,"column":2},"end":{"line":914,"column":95}},{"start":{},"end":{}}],"line":914},"128":{"loc":{"start":{"line":915,"column":2},"end":{"line":915,"column":53}},"type":"if","locations":[{"start":{"line":915,"column":2},"end":{"line":915,"column":53}},{"start":{},"end":{}}],"line":915},"129":{"loc":{"start":{"line":916,"column":2},"end":{"line":916,"column":77}},"type":"if","locations":[{"start":{"line":916,"column":2},"end":{"line":916,"column":77}},{"start":{},"end":{}}],"line":916},"130":{"loc":{"start":{"line":917,"column":2},"end":{"line":917,"column":92}},"type":"if","locations":[{"start":{"line":917,"column":2},"end":{"line":917,"column":92}},{"start":{},"end":{}}],"line":917},"131":{"loc":{"start":{"line":919,"column":2},"end":{"line":921,"column":3}},"type":"if","locations":[{"start":{"line":919,"column":2},"end":{"line":921,"column":3}},{"start":{},"end":{}}],"line":919},"132":{"loc":{"start":{"line":937,"column":0},"end":{"line":963,"column":1}},"type":"if","locations":[{"start":{"line":937,"column":0},"end":{"line":963,"column":1}},{"start":{},"end":{}}],"line":937},"133":{"loc":{"start":{"line":937,"column":4},"end":{"line":937,"column":51}},"type":"binary-expr","locations":[{"start":{"line":937,"column":4},"end":{"line":937,"column":33}},{"start":{"line":937,"column":37},"end":{"line":937,"column":51}}],"line":937}},"s":{"0":12,"1":12,"2":12,"3":12,"4":12,"5":12,"6":12,"7":12,"8":12,"9":8,"10":8,"11":1,"12":4,"13":4,"14":2,"15":2,"16":1,"17":1,"18":1,"19":2,"20":2,"21":12,"22":12,"23":12,"24":9,"25":9,"26":3,"27":4,"28":1,"29":2,"30":7,"31":11,"32":11,"33":11,"34":11,"35":7,"36":1,"37":7,"38":4,"39":3,"40":4,"41":1,"42":1,"43":1,"44":1,"45":1,"46":3,"47":3,"48":2,"49":3,"50":2,"51":10,"52":10,"53":7,"54":3,"55":3,"56":3,"57":2,"58":2,"59":1,"60":2,"61":2,"62":2,"63":2,"64":12,"65":12,"66":1,"67":11,"68":1,"69":11,"70":2,"71":9,"72":3,"73":3,"74":3,"75":3,"76":3,"77":3,"78":3,"79":6,"80":6,"81":6,"82":6,"83":6,"84":6,"85":6,"86":6,"87":6,"88":6,"89":6,"90":0,"91":0,"92":0,"93":0,"94":0,"95":0,"96":0,"97":0,"98":0,"99":0,"100":0,"101":0,"102":0,"103":0,"104":0,"105":0,"106":0,"107":0,"108":0,"109":0,"110":0,"111":0,"112":0,"113":0,"114":0,"115":0,"116":0,"117":0,"118":0,"119":0,"120":1,"121":0,"122":1,"123":1,"124":1,"125":0,"126":0,"127":0,"128":0,"129":0,"130":2,"131":2,"132":0,"133":0,"134":0,"135":0,"136":3,"137":1,"138":1,"139":2,"140":2,"141":2,"142":2,"143":2,"144":2,"145":0,"146":0,"147":2,"148":2,"149":2,"150":2,"151":2,"152":2,"153":2,"154":2,"155":2,"156":4,"157":4,"158":4,"159":4,"160":4,"161":4,"162":4,"163":4,"164":1,"165":1,"166":4,"167":4,"168":4,"169":2,"170":2,"171":2,"172":0,"173":2,"174":0,"175":0,"176":0,"177":0,"178":0,"179":0,"180":0,"181":0,"182":0,"183":0,"184":0,"185":0,"186":0,"187":0,"188":0,"189":0,"190":0,"191":0,"192":0,"193":0,"194":0,"195":0,"196":0,"197":0,"198":0,"199":1,"200":1,"201":1,"202":0,"203":1,"204":0,"205":0,"206":0,"207":0,"208":0,"209":1,"210":1,"211":1,"212":0,"213":1,"214":1,"215":1,"216":1,"217":0,"218":0,"219":0,"220":0,"221":0,"222":0,"223":0,"224":0,"225":0,"226":0,"227":0,"228":0,"229":0,"230":0,"231":0,"232":0,"233":0,"234":0,"235":0,"236":0,"237":0,"238":0,"239":0,"240":0,"241":0,"242":0,"243":0,"244":0,"245":0,"246":0,"247":3,"248":3,"249":0,"250":3,"251":0,"252":3,"253":3,"254":3,"255":3,"256":3,"257":0,"258":3,"259":0,"260":0,"261":3,"262":3,"263":0,"264":0,"265":0,"266":0,"267":3,"268":0,"269":3,"270":0,"271":3,"272":0,"273":0,"274":3,"275":3,"276":3,"277":0,"278":0,"279":0,"280":0,"281":0,"282":0,"283":0,"284":0,"285":0,"286":0,"287":0,"288":0,"289":0,"290":0,"291":0,"292":0,"293":0,"294":0,"295":0,"296":0,"297":0,"298":0,"299":0,"300":0,"301":0,"302":0,"303":0,"304":0,"305":0,"306":0,"307":0,"308":0,"309":0,"310":0,"311":0,"312":0,"313":0,"314":0,"315":0,"316":0,"317":0,"318":0,"319":3,"320":3,"321":0,"322":3,"323":3,"324":3,"325":3,"326":3,"327":3,"328":3,"329":1,"330":3,"331":1,"332":1,"333":2,"334":0,"335":0,"336":0,"337":0,"338":0,"339":0,"340":0,"341":0,"342":0,"343":0,"344":0,"345":0,"346":0,"347":0,"348":0,"349":0,"350":0,"351":0,"352":0,"353":0,"354":0,"355":0,"356":0,"357":0,"358":0,"359":1,"360":1,"361":1,"362":1,"363":1,"364":0,"365":1,"366":1,"367":0,"368":1,"369":1,"370":1,"371":1,"372":1,"373":1,"374":0,"375":0,"376":1,"377":1,"378":1,"379":1,"380":1,"381":1,"382":1,"383":1,"384":1,"385":1,"386":1,"387":1,"388":1,"389":1,"390":0,"391":0,"392":2,"393":2,"394":0,"395":2,"396":2,"397":2,"398":2,"399":1,"400":1,"401":1,"402":1,"403":1,"404":1,"405":0,"406":0,"407":0,"408":0,"409":0,"410":0,"411":0,"412":0,"413":0,"414":0,"415":0,"416":0,"417":0,"418":0,"419":0,"420":0,"421":0,"422":0,"423":0,"424":0,"425":0,"426":0,"427":0,"428":0,"429":0,"430":0,"431":0,"432":0,"433":0,"434":0,"435":0,"436":0,"437":0,"438":0,"439":0,"440":0,"441":12,"442":12,"443":1,"444":1,"445":1,"446":1,"447":1,"448":1,"449":1,"450":7,"451":7,"452":7,"453":1,"454":1,"455":1,"456":2,"457":2,"458":2,"459":1,"460":2,"461":1,"462":2,"463":12,"464":12,"465":6,"466":2,"467":2,"468":2,"469":2,"470":2,"471":1,"472":4,"473":4,"474":1,"475":3,"476":2,"477":3,"478":1,"479":3,"480":1,"481":3,"482":1,"483":78,"484":53,"485":78,"486":48,"487":78,"488":54,"489":78,"490":52,"491":78,"492":64,"493":78,"494":55,"495":78,"496":48,"497":78,"498":51,"499":14,"500":12,"501":12},"f":{"0":8,"1":4,"2":2,"3":2,"4":12,"5":4,"6":7,"7":11,"8":10,"9":2,"10":12,"11":1,"12":3,"13":6,"14":0,"15":1,"16":0,"17":2,"18":0,"19":3,"20":2,"21":4,"22":2,"23":0,"24":0,"25":1,"26":0,"27":1,"28":1,"29":0,"30":0,"31":3,"32":0,"33":0,"34":0,"35":0,"36":0,"37":3,"38":0,"39":0,"40":0,"41":3,"42":3,"43":0,"44":0,"45":0,"46":0,"47":0,"48":1,"49":1,"50":1,"51":1,"52":2,"53":2,"54":0,"55":0,"56":0,"57":0,"58":1,"59":7,"60":2,"61":12,"62":4,"63":2,"64":1,"65":1,"66":1,"67":78,"68":14},"b":{"0":[1,7],"1":[2,2],"2":[1,1],"3":[1,1],"4":[1,1],"5":[11,1],"6":[11,1],"7":[9,3],"8":[1,2],"9":[3,2],"10":[7,4],"11":[1,6],"12":[3,1],"13":[1,3],"14":[4,4],"15":[1,0],"16":[1,0],"17":[2,1],"18":[2,1],"19":[7,3],"20":[2,1],"21":[2,0],"22":[2,1],"23":[1,11],"24":[2,9],"25":[11,10],"26":[3,1],"27":[2,1],"28":[2,1],"29":[3,1],"30":[6,0],"31":[6,0],"32":[0,0],"33":[0,0],"34":[0,0],"35":[0,0],"36":[0,0],"37":[0,0],"38":[0,0],"39":[0,0],"40":[0,0],"41":[0,0],"42":[0,0],"43":[0,0],"44":[0,0],"45":[0,0],"46":[0,0],"47":[0,0,0],"48":[0,1],"49":[0,1],"50":[1,0],"51":[0,0],"52":[1,2],"53":[0,2],"54":[2,0],"55":[2,0],"56":[4,0],"57":[1,3],"58":[2,0],"59":[2,2],"60":[0,0],"61":[0,0],"62":[0,0,0],"63":[0,0],"64":[0,0],"65":[0,1],"66":[0,0],"67":[0,0],"68":[0,0],"69":[0,1],"70":[0,0],"71":[1,0],"72":[0,0],"73":[0,0],"74":[0,0],"75":[0,0],"76":[0,3],"77":[0,3],"78":[3,0],"79":[0,3],"80":[3,0],"81":[0,0],"82":[0,0],"83":[0,0],"84":[0,0],"85":[0,3],"86":[3,0],"87":[3,0],"88":[1,2],"89":[3,2],"90":[1,2],"91":[0,0],"92":[0,0],"93":[0,0],"94":[0,0],"95":[0,0],"96":[0,0],"97":[1,0],"98":[0,1],"99":[1,0],"100":[1,0],"101":[0,1],"102":[1,0],"103":[0,0],"104":[0,2],"105":[2,0],"106":[1,1],"107":[0,0],"108":[0,0],"109":[0,0],"110":[0,0],"111":[0,0],"112":[0,0],"113":[12,0],"114":[1,0],"115":[1,0],"116":[7,0],"117":[1,0],"118":[1,1],"119":[1,1],"120":[6,6],"121":[2,0],"122":[1,1],"123":[1,3],"124":[53,25],"125":[48,30],"126":[54,24],"127":[52,26],"128":[64,14],"129":[55,23],"130":[48,30],"131":[51,27],"132":[12,0],"133":[12,12]},"_coverageSchema":"1a1c01bbd47fc00a2c39e90264f33305004495a9","hash":"2217f7dfc6eb449236e737eb25867f193df3e00f"}
}
