TN:
SF:public/interactions.js
FN:7,leaveMessage
FN:45,supportFlower
FN:70,deleteFlower
FN:106,createVisitorAvatar
FN:126,moveAvatar
FN:168,checkNearbyFlower
FN:183,(anonymous_6)
FN:206,setupGardenClickMove
FN:212,(anonymous_8)
FN:264,setupFriendFlowerActions
FN:265,(anonymous_10)
FN:284,(anonymous_11)
FNF:12
FNH:10
FNDA:8,leaveMessage
FNDA:6,supportFlower
FNDA:5,deleteFlower
FNDA:4,createVisitorAvatar
FNDA:1,moveAvatar
FNDA:1,checkNearbyFlower
FNDA:0,(anonymous_6)
FNDA:2,setupGardenClickMove
FNDA:1,(anonymous_8)
FNDA:2,setupFriendFlowerActions
FNDA:3,(anonymous_10)
FNDA:0,(anonymous_11)
DA:1,1
DA:2,1
DA:3,1
DA:4,1
DA:5,1
DA:8,8
DA:10,8
DA:11,2
DA:14,6
DA:15,6
DA:16,1
DA:20,5
DA:22,5
DA:23,5
DA:25,5
DA:32,4
DA:33,4
DA:35,4
DA:36,0
DA:37,0
DA:40,1
DA:41,1
DA:46,6
DA:47,6
DA:48,1
DA:52,5
DA:54,5
DA:55,5
DA:57,4
DA:58,4
DA:60,4
DA:61,0
DA:62,0
DA:65,1
DA:66,1
DA:71,5
DA:72,5
DA:73,1
DA:76,4
DA:77,1
DA:78,1
DA:81,3
DA:82,3
DA:83,1
DA:86,2
DA:87,2
DA:94,2
DA:95,1
DA:98,1
DA:99,1
DA:101,1
DA:102,1
DA:107,4
DA:108,4
DA:109,1
DA:112,3
DA:113,2
DA:116,3
DA:117,3
DA:118,3
DA:120,3
DA:121,3
DA:123,3
DA:127,1
DA:128,1
DA:131,0
DA:132,0
DA:133,0
DA:136,0
DA:137,0
DA:139,0
DA:140,0
DA:142,0
DA:143,0
DA:145,0
DA:146,0
DA:147,0
DA:161,0
DA:165,0
DA:169,1
DA:170,1
DA:173,0
DA:174,0
DA:175,0
DA:177,0
DA:179,0
DA:180,0
DA:181,0
DA:183,0
DA:184,0
DA:186,0
DA:187,0
DA:188,0
DA:190,0
DA:191,0
DA:192,0
DA:194,0
DA:195,0
DA:196,0
DA:200,0
DA:201,0
DA:202,0
DA:207,2
DA:208,2
DA:209,1
DA:212,1
DA:213,1
DA:214,1
DA:217,0
DA:218,0
DA:219,0
DA:222,0
DA:223,0
DA:224,0
DA:227,0
DA:228,0
DA:229,0
DA:231,0
DA:232,0
DA:234,0
DA:235,0
DA:237,0
DA:238,0
DA:240,0
DA:241,0
DA:242,0
DA:256,0
DA:260,0
DA:265,2
DA:266,3
DA:267,2
DA:268,2
DA:269,2
DA:270,2
DA:274,3
DA:275,1
DA:276,1
DA:277,1
DA:278,1
DA:284,1
DA:285,0
DA:286,0
DA:289,0
DA:290,0
DA:291,0
DA:292,0
DA:294,1
DA:295,1
LF:148
LH:83
BRDA:10,0,0,2
BRDA:10,0,1,6
BRDA:10,1,0,8
BRDA:10,1,1,7
BRDA:15,2,0,1
BRDA:15,2,1,5
BRDA:20,3,0,1
BRDA:20,3,1,4
BRDA:28,4,0,4
BRDA:28,4,1,1
BRDA:35,5,0,0
BRDA:35,5,1,4
BRDA:47,6,0,1
BRDA:47,6,1,5
BRDA:52,7,0,1
BRDA:52,7,1,4
BRDA:60,8,0,0
BRDA:60,8,1,4
BRDA:72,9,0,1
BRDA:72,9,1,4
BRDA:76,10,0,1
BRDA:76,10,1,3
BRDA:82,11,0,1
BRDA:82,11,1,2
BRDA:94,12,0,1
BRDA:94,12,1,1
BRDA:108,13,0,1
BRDA:108,13,1,3
BRDA:112,14,0,2
BRDA:112,14,1,1
BRDA:127,15,0,1
BRDA:127,15,1,0
BRDA:127,16,0,1
BRDA:127,16,1,0
BRDA:132,17,0,0
BRDA:132,17,1,0
BRDA:145,18,0,0
BRDA:145,18,1,0
BRDA:145,19,0,0
BRDA:145,19,1,0
BRDA:169,20,0,1
BRDA:169,20,1,0
BRDA:169,21,0,1
BRDA:169,21,1,0
BRDA:194,22,0,0
BRDA:194,22,1,0
BRDA:200,23,0,0
BRDA:200,23,1,0
BRDA:200,24,0,0
BRDA:200,24,1,0
BRDA:208,25,0,1
BRDA:208,25,1,1
BRDA:213,26,0,1
BRDA:213,26,1,0
BRDA:213,27,0,1
BRDA:213,27,1,0
BRDA:218,28,0,0
BRDA:218,28,1,0
BRDA:223,29,0,0
BRDA:223,29,1,0
BRDA:240,30,0,0
BRDA:240,30,1,0
BRDA:240,31,0,0
BRDA:240,31,1,0
BRDA:266,32,0,2
BRDA:266,32,1,1
BRDA:269,33,0,2
BRDA:269,33,1,0
BRDA:274,34,0,1
BRDA:274,34,1,2
BRDA:277,35,0,1
BRDA:277,35,1,0
BRDA:285,36,0,0
BRDA:285,36,1,0
BRDA:289,37,0,0
BRDA:289,37,1,0
BRDA:290,38,0,0
BRDA:290,38,1,0
BRDA:291,39,0,0
BRDA:291,39,1,0
BRDA:292,40,0,0
BRDA:292,40,1,0
BRDA:294,41,0,1
BRDA:294,41,1,0
BRF:84
BRH:43
end_of_record
