TN:
SF:public/main.js
FN:15,updateGardenTitle
FN:22,updateCurrentProfileText
FN:36,getMyGarden
FN:40,getCurrentViewedUserId
FN:44,applyViewedGardenData
FN:55,(anonymous_5)
FN:63,applyMyGardenData
FN:67,updateFriendInfo
FN:104,renderVisitRecords
FN:118,(anonymous_9)
FN:131,renderHostVisitors
FN:137,(anonymous_11)
FN:143,(anonymous_12)
FN:155,refreshMineOnly
FN:172,refreshCurrentView
FN:229,refreshSocialPanels
FN:239,(anonymous_16)
FN:247,startPolling
FN:250,(anonymous_18)
FN:260,stopPolling
FN:267,submitMood
FN:297,loadMyGarden
FN:319,showMyGarden
FN:331,openFriendGardenById
FN:333,(anonymous_24)
FN:372,addFriend
FN:393,removeFriend
FN:414,createNewUser
FN:435,renderUserPicker
FN:451,(anonymous_29)
FN:454,(anonymous_30)
FN:489,renderAddFriendOptions
FN:504,(anonymous_32)
FN:507,(anonymous_33)
FN:508,(anonymous_34)
FN:512,(anonymous_35)
FN:519,(anonymous_36)
FN:531,renderFriendsList
FN:547,(anonymous_38)
FN:566,(anonymous_39)
FN:578,(anonymous_40)
FN:607,setupSubmitButton
FN:613,(anonymous_42)
FN:638,setupVisitorChoices
FN:642,(anonymous_44)
FN:643,(anonymous_45)
FN:648,(anonymous_46)
FN:672,(anonymous_47)
FN:681,setupGardenSwitchButtons
FN:685,(anonymous_49)
FN:695,setupCreateUserButton
FN:701,(anonymous_51)
FN:738,setupAddFriendButton
FN:744,(anonymous_53)
FN:764,setupBeforeUnload
FN:765,(anonymous_55)
FN:778,(anonymous_56)
FN:783,init
FN:834,showAuthMode
FN:849,(anonymous_59)
FN:858,showAppMode
FN:872,(anonymous_61)
FN:886,setupAddFriendSelectLock
FN:892,(anonymous_63)
FN:896,(anonymous_64)
FN:900,(anonymous_65)
FN:904,(anonymous_66)
FN:910,__setMainTestState
FN:924,__getMainTestState
FNF:69
FNH:44
FNDA:8,updateGardenTitle
FNDA:4,updateCurrentProfileText
FNDA:2,getMyGarden
FNDA:2,getCurrentViewedUserId
FNDA:12,applyViewedGardenData
FNDA:4,(anonymous_5)
FNDA:7,applyMyGardenData
FNDA:11,updateFriendInfo
FNDA:10,renderVisitRecords
FNDA:2,(anonymous_9)
FNDA:12,renderHostVisitors
FNDA:1,(anonymous_11)
FNDA:3,(anonymous_12)
FNDA:6,refreshMineOnly
FNDA:0,refreshCurrentView
FNDA:1,refreshSocialPanels
FNDA:0,(anonymous_16)
FNDA:2,startPolling
FNDA:0,(anonymous_18)
FNDA:3,stopPolling
FNDA:2,submitMood
FNDA:4,loadMyGarden
FNDA:2,showMyGarden
FNDA:0,openFriendGardenById
FNDA:0,(anonymous_24)
FNDA:1,addFriend
FNDA:0,removeFriend
FNDA:1,createNewUser
FNDA:1,renderUserPicker
FNDA:0,(anonymous_29)
FNDA:0,(anonymous_30)
FNDA:3,renderAddFriendOptions
FNDA:0,(anonymous_32)
FNDA:0,(anonymous_33)
FNDA:0,(anonymous_34)
FNDA:0,(anonymous_35)
FNDA:0,(anonymous_36)
FNDA:3,renderFriendsList
FNDA:0,(anonymous_38)
FNDA:0,(anonymous_39)
FNDA:0,(anonymous_40)
FNDA:3,setupSubmitButton
FNDA:3,(anonymous_42)
FNDA:0,setupVisitorChoices
FNDA:0,(anonymous_44)
FNDA:0,(anonymous_45)
FNDA:0,(anonymous_46)
FNDA:0,(anonymous_47)
FNDA:1,setupGardenSwitchButtons
FNDA:1,(anonymous_49)
FNDA:1,setupCreateUserButton
FNDA:1,(anonymous_51)
FNDA:2,setupAddFriendButton
FNDA:2,(anonymous_53)
FNDA:0,setupBeforeUnload
FNDA:0,(anonymous_55)
FNDA:0,(anonymous_56)
FNDA:0,init
FNDA:1,showAuthMode
FNDA:7,(anonymous_59)
FNDA:2,showAppMode
FNDA:12,(anonymous_61)
FNDA:4,setupAddFriendSelectLock
FNDA:2,(anonymous_63)
FNDA:1,(anonymous_64)
FNDA:1,(anonymous_65)
FNDA:1,(anonymous_66)
FNDA:78,__setMainTestState
FNDA:14,__getMainTestState
DA:1,12
DA:2,12
DA:3,12
DA:5,12
DA:6,12
DA:8,12
DA:9,12
DA:10,12
DA:13,12
DA:16,8
DA:17,8
DA:18,1
DA:23,4
DA:24,4
DA:25,2
DA:28,2
DA:29,1
DA:30,1
DA:33,1
DA:37,2
DA:41,2
DA:45,12
DA:46,12
DA:48,12
DA:49,9
DA:50,9
DA:53,3
DA:55,4
DA:57,1
DA:60,2
DA:64,7
DA:68,11
DA:69,11
DA:70,11
DA:72,11
DA:73,7
DA:74,1
DA:76,7
DA:79,4
DA:80,3
DA:83,4
DA:84,1
DA:85,1
DA:87,1
DA:88,1
DA:90,1
DA:93,3
DA:95,3
DA:96,2
DA:99,3
DA:100,2
DA:105,10
DA:106,10
DA:107,7
DA:110,3
DA:111,3
DA:113,3
DA:114,2
DA:115,2
DA:118,1
DA:119,2
DA:120,2
DA:122,2
DA:127,2
DA:132,12
DA:133,12
DA:134,1
DA:137,11
DA:139,11
DA:140,2
DA:143,9
DA:144,3
DA:145,3
DA:146,3
DA:147,3
DA:148,3
DA:149,3
DA:151,3
DA:156,6
DA:158,6
DA:159,6
DA:161,6
DA:162,6
DA:164,6
DA:165,6
DA:166,6
DA:167,6
DA:168,6
DA:169,6
DA:173,0
DA:175,0
DA:176,0
DA:179,0
DA:181,0
DA:182,0
DA:185,0
DA:187,0
DA:189,0
DA:190,0
DA:192,0
DA:195,0
DA:196,0
DA:197,0
DA:198,0
DA:199,0
DA:202,0
DA:203,0
DA:204,0
DA:205,0
DA:207,0
DA:208,0
DA:209,0
DA:210,0
DA:211,0
DA:215,0
DA:216,0
DA:221,0
DA:225,0
DA:226,0
DA:230,1
DA:231,0
DA:234,1
DA:235,1
DA:237,1
DA:238,0
DA:239,0
DA:241,0
DA:242,0
DA:248,2
DA:250,2
DA:251,0
DA:252,0
DA:253,0
DA:255,0
DA:261,3
DA:262,1
DA:263,1
DA:268,2
DA:270,2
DA:271,2
DA:272,2
DA:273,2
DA:275,2
DA:276,0
DA:277,0
DA:280,2
DA:281,2
DA:283,2
DA:285,2
DA:286,2
DA:288,2
DA:289,2
DA:292,2
DA:293,2
DA:298,4
DA:299,4
DA:300,4
DA:302,4
DA:303,4
DA:304,4
DA:305,4
DA:308,4
DA:309,1
DA:310,1
DA:313,4
DA:314,4
DA:316,4
DA:320,2
DA:321,2
DA:322,2
DA:324,0
DA:328,2
DA:332,0
DA:333,0
DA:335,0
DA:336,0
DA:339,0
DA:340,0
DA:341,0
DA:343,0
DA:347,0
DA:348,0
DA:349,0
DA:350,0
DA:352,0
DA:354,0
DA:355,0
DA:356,0
DA:359,0
DA:360,0
DA:361,0
DA:363,0
DA:364,0
DA:366,0
DA:367,0
DA:368,0
DA:373,1
DA:384,1
DA:386,1
DA:387,0
DA:390,1
DA:394,0
DA:405,0
DA:407,0
DA:408,0
DA:411,0
DA:415,1
DA:426,1
DA:428,1
DA:429,0
DA:432,1
DA:436,1
DA:437,1
DA:438,1
DA:441,0
DA:443,0
DA:444,0
DA:446,0
DA:447,0
DA:448,0
DA:451,0
DA:452,0
DA:453,0
DA:454,0
DA:455,0
DA:456,0
DA:457,0
DA:458,0
DA:460,0
DA:464,0
DA:465,0
DA:466,0
DA:468,0
DA:469,0
DA:470,0
DA:471,0
DA:472,0
DA:473,0
DA:474,0
DA:476,0
DA:477,0
DA:481,0
DA:484,0
DA:485,0
DA:490,3
DA:491,3
DA:492,0
DA:495,3
DA:496,0
DA:499,3
DA:501,3
DA:502,3
DA:503,3
DA:504,3
DA:506,3
DA:507,0
DA:508,0
DA:510,3
DA:512,3
DA:513,0
DA:514,0
DA:515,0
DA:516,0
DA:519,3
DA:520,3
DA:521,0
DA:523,3
DA:526,0
DA:527,0
DA:532,3
DA:533,3
DA:534,3
DA:537,0
DA:539,0
DA:540,0
DA:542,0
DA:543,0
DA:544,0
DA:547,0
DA:548,0
DA:549,0
DA:551,0
DA:552,0
DA:556,0
DA:557,0
DA:558,0
DA:559,0
DA:560,0
DA:562,0
DA:563,0
DA:564,0
DA:566,0
DA:567,0
DA:568,0
DA:570,0
DA:574,0
DA:575,0
DA:576,0
DA:578,0
DA:579,0
DA:580,0
DA:582,0
DA:583,0
DA:586,0
DA:587,0
DA:589,0
DA:590,0
DA:594,0
DA:595,0
DA:597,0
DA:598,0
DA:599,0
DA:602,0
DA:603,0
DA:608,3
DA:609,3
DA:610,0
DA:613,3
DA:614,3
DA:615,3
DA:616,3
DA:618,3
DA:619,3
DA:621,3
DA:622,1
DA:625,3
DA:626,1
DA:627,1
DA:630,2
DA:632,0
DA:633,0
DA:639,0
DA:640,0
DA:642,0
DA:643,0
DA:644,0
DA:646,0
DA:648,0
DA:649,0
DA:651,0
DA:652,0
DA:655,0
DA:656,0
DA:657,0
DA:659,0
DA:662,0
DA:663,0
DA:664,0
DA:670,0
DA:671,0
DA:672,0
DA:675,0
DA:676,0
DA:682,1
DA:684,1
DA:685,1
DA:686,1
DA:687,1
DA:689,0
DA:696,1
DA:697,1
DA:698,0
DA:701,1
DA:702,1
DA:703,1
DA:705,1
DA:706,1
DA:708,1
DA:709,0
DA:710,0
DA:713,1
DA:714,1
DA:716,1
DA:717,1
DA:718,1
DA:720,1
DA:721,1
DA:724,1
DA:725,1
DA:726,1
DA:727,1
DA:728,1
DA:729,1
DA:730,1
DA:732,0
DA:733,0
DA:739,2
DA:740,2
DA:741,0
DA:744,2
DA:745,2
DA:746,2
DA:748,2
DA:749,1
DA:750,1
DA:753,1
DA:754,1
DA:755,1
DA:756,1
DA:758,0
DA:759,0
DA:765,0
DA:766,0
DA:767,0
DA:784,0
DA:785,0
DA:786,0
DA:787,0
DA:788,0
DA:789,0
DA:790,0
DA:791,0
DA:793,0
DA:794,0
DA:797,0
DA:798,0
DA:801,0
DA:803,0
DA:804,0
DA:805,0
DA:808,0
DA:809,0
DA:811,0
DA:812,0
DA:813,0
DA:814,0
DA:815,0
DA:818,0
DA:819,0
DA:820,0
DA:821,0
DA:822,0
DA:823,0
DA:825,0
DA:826,0
DA:830,12
DA:831,12
DA:835,1
DA:836,1
DA:838,1
DA:839,1
DA:841,1
DA:850,7
DA:851,7
DA:854,1
DA:855,1
DA:859,2
DA:860,2
DA:862,2
DA:863,2
DA:865,2
DA:873,12
DA:874,12
DA:877,2
DA:878,2
DA:879,2
DA:882,2
DA:883,2
DA:887,4
DA:888,4
DA:889,1
DA:892,3
DA:893,2
DA:896,3
DA:897,1
DA:900,3
DA:901,1
DA:904,3
DA:905,1
DA:911,78
DA:912,78
DA:913,78
DA:914,78
DA:915,78
DA:916,78
DA:917,78
DA:919,78
DA:920,51
DA:925,14
DA:937,12
DA:938,12
LF:481
LH:257
BRDA:17,0,0,1
BRDA:17,0,1,7
BRDA:24,1,0,2
BRDA:24,1,1,2
BRDA:28,2,0,1
BRDA:28,2,1,1
BRDA:37,3,0,1
BRDA:37,3,1,1
BRDA:41,4,0,1
BRDA:41,4,1,1
BRDA:46,5,0,11
BRDA:46,5,1,1
BRDA:46,6,0,11
BRDA:46,6,1,1
BRDA:48,7,0,9
BRDA:48,7,1,3
BRDA:53,8,0,1
BRDA:53,8,1,2
BRDA:54,9,0,3
BRDA:54,9,1,2
BRDA:72,10,0,7
BRDA:72,10,1,4
BRDA:73,11,0,1
BRDA:73,11,1,6
BRDA:79,12,0,3
BRDA:79,12,1,1
BRDA:83,13,0,1
BRDA:83,13,1,3
BRDA:83,14,0,4
BRDA:83,14,1,4
BRDA:84,15,0,1
BRDA:84,15,1,0
BRDA:87,16,0,1
BRDA:87,16,1,0
BRDA:95,17,0,2
BRDA:95,17,1,1
BRDA:99,18,0,2
BRDA:99,18,1,1
BRDA:106,19,0,7
BRDA:106,19,1,3
BRDA:110,20,0,2
BRDA:110,20,1,1
BRDA:110,21,0,2
BRDA:110,21,1,0
BRDA:113,22,0,2
BRDA:113,22,1,1
BRDA:133,23,0,1
BRDA:133,23,1,11
BRDA:139,24,0,2
BRDA:139,24,1,9
BRDA:139,25,0,11
BRDA:139,25,1,10
BRDA:146,26,0,3
BRDA:146,26,1,1
BRDA:147,27,0,2
BRDA:147,27,1,1
BRDA:148,28,0,2
BRDA:148,28,1,1
BRDA:149,29,0,3
BRDA:149,29,1,1
BRDA:162,30,0,6
BRDA:162,30,1,0
BRDA:168,31,0,6
BRDA:168,31,1,0
BRDA:175,32,0,0
BRDA:175,32,1,0
BRDA:181,33,0,0
BRDA:181,33,1,0
BRDA:189,34,0,0
BRDA:189,34,1,0
BRDA:195,35,0,0
BRDA:195,35,1,0
BRDA:197,36,0,0
BRDA:197,36,1,0
BRDA:198,37,0,0
BRDA:198,37,1,0
BRDA:198,38,0,0
BRDA:198,38,1,0
BRDA:207,39,0,0
BRDA:207,39,1,0
BRDA:208,40,0,0
BRDA:208,40,1,0
BRDA:208,41,0,0
BRDA:208,41,1,0
BRDA:210,42,0,0
BRDA:210,42,1,0
BRDA:210,43,0,0
BRDA:210,43,1,0
BRDA:215,44,0,0
BRDA:215,44,1,0
BRDA:221,45,0,0
BRDA:221,45,1,0
BRDA:222,46,0,0
BRDA:222,46,1,0
BRDA:223,47,0,0
BRDA:223,47,1,0
BRDA:223,47,2,0
BRDA:230,48,0,0
BRDA:230,48,1,1
BRDA:237,49,0,0
BRDA:237,49,1,1
BRDA:237,50,0,1
BRDA:237,50,1,0
BRDA:241,51,0,0
BRDA:241,51,1,0
BRDA:261,52,0,1
BRDA:261,52,1,2
BRDA:275,53,0,0
BRDA:275,53,1,2
BRDA:288,54,0,2
BRDA:288,54,1,0
BRDA:292,55,0,2
BRDA:292,55,1,0
BRDA:304,56,0,4
BRDA:304,56,1,0
BRDA:308,57,0,1
BRDA:308,57,1,3
BRDA:320,58,0,2
BRDA:320,58,1,0
BRDA:320,59,0,2
BRDA:320,59,1,2
BRDA:335,60,0,0
BRDA:335,60,1,0
BRDA:339,61,0,0
BRDA:339,61,1,0
BRDA:339,62,0,0
BRDA:339,62,1,0
BRDA:339,62,2,0
BRDA:355,63,0,0
BRDA:355,63,1,0
BRDA:366,64,0,0
BRDA:366,64,1,0
BRDA:386,65,0,0
BRDA:386,65,1,1
BRDA:387,66,0,0
BRDA:387,66,1,0
BRDA:407,67,0,0
BRDA:407,67,1,0
BRDA:408,68,0,0
BRDA:408,68,1,0
BRDA:428,69,0,0
BRDA:428,69,1,1
BRDA:429,70,0,0
BRDA:429,70,1,0
BRDA:437,71,0,1
BRDA:437,71,1,0
BRDA:446,72,0,0
BRDA:446,72,1,0
BRDA:446,73,0,0
BRDA:446,73,1,0
BRDA:456,74,0,0
BRDA:456,74,1,0
BRDA:456,75,0,0
BRDA:456,75,1,0
BRDA:491,76,0,0
BRDA:491,76,1,3
BRDA:495,77,0,0
BRDA:495,77,1,3
BRDA:504,78,0,3
BRDA:504,78,1,0
BRDA:520,79,0,0
BRDA:520,79,1,3
BRDA:533,80,0,3
BRDA:533,80,1,0
BRDA:542,81,0,0
BRDA:542,81,1,0
BRDA:542,82,0,0
BRDA:542,82,1,0
BRDA:582,83,0,0
BRDA:582,83,1,0
BRDA:582,84,0,0
BRDA:582,84,1,0
BRDA:609,85,0,0
BRDA:609,85,1,3
BRDA:618,86,0,3
BRDA:618,86,1,0
BRDA:619,87,0,3
BRDA:619,87,1,0
BRDA:621,88,0,1
BRDA:621,88,1,2
BRDA:621,89,0,3
BRDA:621,89,1,2
BRDA:625,90,0,1
BRDA:625,90,1,2
BRDA:651,91,0,0
BRDA:651,91,1,0
BRDA:655,92,0,0
BRDA:655,92,1,0
BRDA:655,93,0,0
BRDA:655,93,1,0
BRDA:662,94,0,0
BRDA:662,94,1,0
BRDA:670,95,0,0
BRDA:670,95,1,0
BRDA:675,96,0,0
BRDA:675,96,1,0
BRDA:684,97,0,1
BRDA:684,97,1,0
BRDA:697,98,0,0
BRDA:697,98,1,1
BRDA:705,99,0,1
BRDA:705,99,1,0
BRDA:706,100,0,1
BRDA:706,100,1,0
BRDA:708,101,0,0
BRDA:708,101,1,1
BRDA:720,102,0,1
BRDA:720,102,1,0
BRDA:733,103,0,0
BRDA:733,103,1,0
BRDA:740,104,0,0
BRDA:740,104,1,2
BRDA:746,105,0,2
BRDA:746,105,1,0
BRDA:748,106,0,1
BRDA:748,106,1,1
BRDA:759,107,0,0
BRDA:759,107,1,0
BRDA:766,108,0,0
BRDA:766,108,1,0
BRDA:766,109,0,0
BRDA:766,109,1,0
BRDA:793,110,0,0
BRDA:793,110,1,0
BRDA:797,111,0,0
BRDA:797,111,1,0
BRDA:803,112,0,0
BRDA:803,112,1,0
BRDA:830,113,0,12
BRDA:830,113,1,0
BRDA:838,114,0,1
BRDA:838,114,1,0
BRDA:839,115,0,1
BRDA:839,115,1,0
BRDA:851,116,0,7
BRDA:851,116,1,0
BRDA:855,117,0,1
BRDA:855,117,1,0
BRDA:862,118,0,1
BRDA:862,118,1,1
BRDA:863,119,0,1
BRDA:863,119,1,1
BRDA:874,120,0,6
BRDA:874,120,1,6
BRDA:878,121,0,2
BRDA:878,121,1,0
BRDA:883,122,0,1
BRDA:883,122,1,1
BRDA:888,123,0,1
BRDA:888,123,1,3
BRDA:911,124,0,53
BRDA:911,124,1,25
BRDA:912,125,0,48
BRDA:912,125,1,30
BRDA:913,126,0,54
BRDA:913,126,1,24
BRDA:914,127,0,52
BRDA:914,127,1,26
BRDA:915,128,0,64
BRDA:915,128,1,14
BRDA:916,129,0,55
BRDA:916,129,1,23
BRDA:917,130,0,48
BRDA:917,130,1,30
BRDA:919,131,0,51
BRDA:919,131,1,27
BRDA:937,132,0,12
BRDA:937,132,1,0
BRDA:937,133,0,12
BRDA:937,133,1,12
BRF:270
BRH:135
end_of_record
